[2025-05-06 21:07:20] ✅ Все таблицы SQLAlchemy созданы.
[2025-05-06 21:07:20] 🗂 Миграция 'initial_migration' записана в журнал.
[2025-05-06 21:15:52] ✅ Все таблицы SQLAlchemy созданы.
[2025-05-06 21:15:52] 🗂 Миграция 'initial_migration' записана в журнал.
[2025-05-06 21:21:12] ✅ Все таблицы SQLAlchemy созданы.
[2025-05-06 21:21:12] 🗂 Миграция 'initial_migration' записана в журнал.
[2025-05-06 21:23:23] ✅ Все таблицы SQLAlchemy созданы.
[2025-05-06 21:23:23] 🗂 Миграция 'initial_migration' записана в журнал.
[2025-05-06 21:26:35] ✅ Все таблицы SQLAlchemy созданы.
[2025-05-06 21:26:35] 🗂 Миграция 'initial_migration' записана в журнал.
[2025-05-06 21:54:34] ✅ Все таблицы SQLAlchemy созданы.
[2025-05-06 21:54:34] 🗂 Миграция 'initial_migration' записана в журнал.
[2025-05-06 22:03:20] ✅ Все таблицы SQLAlchemy созданы.
[2025-05-06 22:03:20] 🗂 Миграция 'initial_migration' записана в журнал.
[2025-05-06 22:09:29] ✅ Все таблицы SQLAlchemy созданы.
[2025-05-06 22:09:29] 🗂 Миграция 'initial_migration' записана в журнал.
[2025-05-06 22:19:44] ✅ Все таблицы SQLAlchemy созданы.
[2025-05-06 22:19:44] 🗂 Миграция 'initial_migration' записана в журнал.
[2025-05-06 22:27:02] ✅ Все таблицы SQLAlchemy созданы.
[2025-05-06 22:27:02] 🗂 Миграция 'initial_migration' записана в журнал.
[2025-05-06 22:30:53] ✅ Все таблицы SQLAlchemy созданы.
[2025-05-06 22:30:53] 🗂 Миграция 'initial_migration' записана в журнал.
[2025-05-09 23:19:57] ✅ Все таблицы SQLAlchemy созданы.
[2025-05-09 23:19:57] 🗂 Миграция 'initial_migration' записана в журнал.
[2025-05-09 23:28:19] ✅ Все таблицы SQLAlchemy созданы.
[2025-05-09 23:28:19] 🗂 Миграция 'initial_migration' записана в журнал.
[2025-05-09 23:30:40] ✅ Все таблицы SQLAlchemy созданы.
[2025-05-09 23:30:40] 🗂 Миграция 'initial_migration' записана в журнал.
[2025-05-09 23:48:57] ✅ Все таблицы SQLAlchemy созданы.
[2025-05-09 23:48:57] 🗂 Миграция 'initial_migration' записана в журнал.
[2025-05-10 01:54:54] ✅ Все таблицы SQLAlchemy созданы.
[2025-05-10 01:54:54] 🗂 Миграция 'initial_migration' записана в журнал.
[2025-05-10 01:58:02] ✅ Все таблицы SQLAlchemy созданы.
[2025-05-10 01:58:02] 🗂 Миграция 'initial_migration' записана в журнал.
[2025-05-10 02:03:40] ✅ Все таблицы SQLAlchemy созданы.
[2025-05-10 02:03:40] 🗂 Миграция 'initial_migration' записана в журнал.
[2025-05-10 02:09:37] ✅ Все таблицы SQLAlchemy созданы.
[2025-05-10 02:09:37] 🗂 Миграция 'initial_migration' записана в журнал.
[2025-05-10 02:14:34] ✅ Все таблицы SQLAlchemy созданы.
[2025-05-10 02:14:34] 🗂 Миграция 'initial_migration' записана в журнал.
[2025-05-10 02:28:51] ✅ Все таблицы SQLAlchemy созданы.
[2025-05-10 02:28:51] 🗂 Миграция 'initial_migration' записана в журнал.
[2025-05-10 02:42:08] ✅ Все таблицы SQLAlchemy созданы.
[2025-05-10 02:42:09] 🗂 Миграция 'initial_migration' записана в журнал.
[2025-05-10 03:00:06] ✅ Все таблицы SQLAlchemy созданы.
[2025-05-10 03:00:06] 🗂 Миграция 'initial_migration' записана в журнал.
[2025-05-10 03:01:43] ✅ Все таблицы SQLAlchemy созданы.
[2025-05-10 03:01:43] 🗂 Миграция 'initial_migration' записана в журнал.
[2025-05-10 03:15:48] ✅ Все таблицы SQLAlchemy созданы.
[2025-05-10 03:15:48] 🗂 Миграция 'initial_migration' записана в журнал.
[2025-05-10 03:18:14] ✅ Все таблицы SQLAlchemy созданы.
[2025-05-10 03:18:14] 🗂 Миграция 'initial_migration' записана в журнал.
[2025-05-10 03:19:26] ✅ Все таблицы SQLAlchemy созданы.
[2025-05-10 03:19:26] 🗂 Миграция 'initial_migration' записана в журнал.
[2025-05-10 03:23:57] ✅ Все таблицы SQLAlchemy созданы.
[2025-05-10 03:23:57] 🗂 Миграция 'initial_migration' записана в журнал.
[2025-05-10 03:27:27] ✅ Все таблицы SQLAlchemy созданы.
[2025-05-10 03:27:27] 🗂 Миграция 'initial_migration' записана в журнал.
[2025-05-11 23:53:44] ✅ Все таблицы SQLAlchemy созданы.
[2025-05-11 23:53:44] 🗂 Миграция 'initial_migration' записана в журнал.
[2025-05-12 00:02:41] ✅ Все таблицы SQLAlchemy созданы.
[2025-05-12 00:02:41] 🗂 Миграция 'initial_migration' записана в журнал.
[2025-05-12 00:07:08] ✅ Все таблицы SQLAlchemy созданы.
[2025-05-12 00:07:08] 🗂 Миграция 'initial_migration' записана в журнал.
[2025-05-12 00:27:38] ✅ Все таблицы SQLAlchemy созданы.
[2025-05-12 00:27:38] 🗂 Миграция 'initial_migration' записана в журнал.
[2025-05-12 00:34:56] ✅ Все таблицы SQLAlchemy созданы.
[2025-05-12 00:34:56] 🗂 Миграция 'initial_migration' записана в журнал.
[2025-05-12 02:10:39] ✅ Все таблицы SQLAlchemy созданы.
[2025-05-12 02:10:39] 🗂 Миграция 'initial_migration' записана в журнал.
[2025-05-12 03:09:25] ✅ Все таблицы SQLAlchemy созданы.
[2025-05-12 03:09:25] 🗂 Миграция 'initial_migration' записана в журнал.
[2025-05-12 03:48:01] ✅ Все таблицы SQLAlchemy созданы.
[2025-05-12 03:48:01] 🗂 Миграция 'initial_migration' записана в журнал.
[2025-05-12 15:00:25] ✅ Все таблицы SQLAlchemy созданы.
[2025-05-12 15:00:25] 🗂 Миграция 'initial_migration' записана в журнал.
[2025-05-12 15:07:35] ✅ Все таблицы SQLAlchemy созданы.
[2025-05-12 15:07:35] 🗂 Миграция 'initial_migration' записана в журнал.
[2025-05-12 15:27:43] ✅ Все таблицы SQLAlchemy созданы.
[2025-05-12 15:27:43] 🗂 Миграция 'initial_migration' записана в журнал.
[2025-05-12 16:31:26] ✅ Все таблицы SQLAlchemy созданы.
[2025-05-12 16:31:26] 🗂 Миграция 'initial_migration' записана в журнал.
[2025-05-12 18:40:05] ✅ Все таблицы SQLAlchemy созданы.
[2025-05-12 18:40:05] 🗂 Миграция 'initial_migration' записана в журнал.
[2025-05-12 18:49:28] ✅ Все таблицы SQLAlchemy созданы.
[2025-05-12 18:49:28] 🗂 Миграция 'initial_migration' записана в журнал.
[2025-05-12 19:19:50] ✅ Все таблицы SQLAlchemy созданы.
[2025-05-12 19:19:50] 🗂 Миграция 'initial_migration' записана в журнал.
[2025-05-12 19:43:44] ✅ Все таблицы SQLAlchemy созданы.
[2025-05-12 19:43:44] 🗂 Миграция 'initial_migration' записана в журнал.
[2025-05-12 19:52:17] ✅ Все таблицы SQLAlchemy созданы.
[2025-05-12 19:52:17] 🗂 Миграция 'initial_migration' записана в журнал.
[2025-05-12 19:53:34] ✅ Все таблицы SQLAlchemy созданы.
[2025-05-12 19:53:34] 🗂 Миграция 'initial_migration' записана в журнал.
[2025-05-12 19:54:25] ✅ Все таблицы SQLAlchemy созданы.
[2025-05-12 19:54:25] 🗂 Миграция 'initial_migration' записана в журнал.
[2025-05-12 19:57:50] ✅ Все таблицы SQLAlchemy созданы.
[2025-05-12 19:57:50] 🗂 Миграция 'initial_migration' записана в журнал.
[2025-05-12 20:03:31] ✅ Все таблицы SQLAlchemy созданы.
[2025-05-12 20:03:31] 🗂 Миграция 'initial_migration' записана в журнал.
[2025-05-12 20:04:44] ✅ Все таблицы SQLAlchemy созданы.
[2025-05-12 20:04:44] 🗂 Миграция 'initial_migration' записана в журнал.
[2025-05-12 20:27:40] ✅ Все таблицы SQLAlchemy созданы.
[2025-05-12 20:27:40] 🗂 Миграция 'initial_migration' записана в журнал.
[2025-05-12 20:44:29] ✅ Все таблицы SQLAlchemy созданы.
[2025-05-12 20:44:29] 🗂 Миграция 'initial_migration' записана в журнал.
[2025-05-12 20:57:54] ✅ Все таблицы SQLAlchemy созданы.
[2025-05-12 20:57:54] 🗂 Миграция 'initial_migration' записана в журнал.
[2025-05-12 21:02:37] ✅ Все таблицы SQLAlchemy созданы.
[2025-05-12 21:02:37] 🗂 Миграция 'initial_migration' записана в журнал.
[2025-05-12 21:03:29] ✅ Все таблицы SQLAlchemy созданы.
[2025-05-12 21:03:29] 🗂 Миграция 'initial_migration' записана в журнал.
[2025-05-12 21:08:18] ✅ Все таблицы SQLAlchemy созданы.
[2025-05-12 21:08:18] 🗂 Миграция 'initial_migration' записана в журнал.
[2025-05-12 21:10:03] ✅ Все таблицы SQLAlchemy созданы.
[2025-05-12 21:10:03] 🗂 Миграция 'initial_migration' записана в журнал.
[2025-05-12 21:13:38] ✅ Все таблицы SQLAlchemy созданы.
[2025-05-12 21:13:38] 🗂 Миграция 'initial_migration' записана в журнал.
[2025-05-12 21:17:30] ✅ Все таблицы SQLAlchemy созданы.
[2025-05-12 21:17:30] 🗂 Миграция 'initial_migration' записана в журнал.
[2025-05-12 21:18:45] ✅ Все таблицы SQLAlchemy созданы.
[2025-05-12 21:18:45] 🗂 Миграция 'initial_migration' записана в журнал.
[2025-05-12 21:19:36] ✅ Все таблицы SQLAlchemy созданы.
[2025-05-12 21:19:36] 🗂 Миграция 'initial_migration' записана в журнал.
[2025-05-12 21:21:33] ✅ Все таблицы SQLAlchemy созданы.
[2025-05-12 21:21:33] 🗂 Миграция 'initial_migration' записана в журнал.
[2025-05-12 21:22:28] ✅ Все таблицы SQLAlchemy созданы.
[2025-05-12 21:22:28] 🗂 Миграция 'initial_migration' записана в журнал.
[2025-05-12 21:52:35] ✅ Все таблицы SQLAlchemy созданы.
[2025-05-12 21:52:35] 🗂 Миграция 'initial_migration' записана в журнал.
[2025-05-12 21:54:32] ✅ Все таблицы SQLAlchemy созданы.
[2025-05-12 21:54:32] 🗂 Миграция 'initial_migration' записана в журнал.
[2025-05-12 22:32:50] ✅ Все таблицы SQLAlchemy созданы.
[2025-05-12 22:32:51] 🗂 Миграция 'initial_migration' записана в журнал.
[2025-05-12 22:40:09] ✅ Все таблицы SQLAlchemy созданы.
[2025-05-12 22:40:09] 🗂 Миграция 'initial_migration' записана в журнал.
[2025-05-12 22:49:19] ✅ Все таблицы SQLAlchemy созданы.
[2025-05-12 22:49:20] 🗂 Миграция 'initial_migration' записана в журнал.
[2025-05-13 02:08:10] ✅ Все таблицы SQLAlchemy созданы.
[2025-05-13 02:08:10] 🗂 Миграция 'initial_migration' записана в журнал.
[2025-05-14 17:55:26] ✅ Все таблицы SQLAlchemy созданы.
[2025-05-14 17:55:26] 🗂 Миграция 'initial_migration' записана в журнал.
[2025-05-16 01:42:44] ✅ Все таблицы SQLAlchemy созданы.
[2025-05-16 01:42:44] 🗂 Миграция 'initial_migration' записана в журнал.
[2025-05-16 01:44:24] ✅ Все таблицы SQLAlchemy созданы.
[2025-05-16 01:44:24] 🗂 Миграция 'initial_migration' записана в журнал.
[2025-05-16 07:26:07] ✅ Все таблицы SQLAlchemy созданы.
[2025-05-16 07:26:07] 🗂 Миграция 'initial_migration' записана в журнал.
[2025-05-16 07:26:46] ✅ Все таблицы SQLAlchemy созданы.
[2025-05-16 07:26:46] 🗂 Миграция 'initial_migration' записана в журнал.
[2025-05-16 07:28:47] ✅ Все таблицы SQLAlchemy созданы.
[2025-05-16 07:28:47] 🗂 Миграция 'initial_migration' записана в журнал.
[2025-05-16 07:49:03] ✅ Все таблицы SQLAlchemy созданы.
[2025-05-16 07:49:03] 🗂 Миграция 'initial_migration' записана в журнал.
[2025-05-16 07:53:29] ✅ Все таблицы SQLAlchemy созданы.
[2025-05-16 07:53:29] 🗂 Миграция 'initial_migration' записана в журнал.
[2025-05-16 07:57:23] ✅ Все таблицы SQLAlchemy созданы.
[2025-05-16 07:57:23] 🗂 Миграция 'initial_migration' записана в журнал.
[2025-05-16 07:57:57] ✅ Все таблицы SQLAlchemy созданы.
[2025-05-16 07:57:57] 🗂 Миграция 'initial_migration' записана в журнал.
[2025-05-16 08:00:14] ✅ Все таблицы SQLAlchemy созданы.
[2025-05-16 08:00:14] 🗂 Миграция 'initial_migration' записана в журнал.
[2025-05-16 08:04:05] ✅ Все таблицы SQLAlchemy созданы.
[2025-05-16 08:04:05] 🗂 Миграция 'initial_migration' записана в журнал.
[2025-05-16 08:08:39] ✅ Все таблицы SQLAlchemy созданы.
[2025-05-16 08:08:39] 🗂 Миграция 'initial_migration' записана в журнал.
[2025-05-16 08:13:17] ✅ Все таблицы SQLAlchemy созданы.
[2025-05-16 08:13:17] 🗂 Миграция 'initial_migration' записана в журнал.
[2025-05-16 08:16:43] ✅ Все таблицы SQLAlchemy созданы.
[2025-05-16 08:16:43] 🗂 Миграция 'initial_migration' записана в журнал.
[2025-05-16 08:17:06] ✅ Все таблицы SQLAlchemy созданы.
[2025-05-16 08:17:06] 🗂 Миграция 'initial_migration' записана в журнал.
[2025-05-16 08:21:06] ✅ Все таблицы SQLAlchemy созданы.
[2025-05-16 08:21:06] 🗂 Миграция 'initial_migration' записана в журнал.
[2025-05-16 08:23:52] ✅ Все таблицы SQLAlchemy созданы.
[2025-05-16 08:23:52] 🗂 Миграция 'initial_migration' записана в журнал.
[2025-05-16 08:42:21] ✅ Все таблицы SQLAlchemy созданы.
[2025-05-16 08:42:21] 🗂 Миграция 'initial_migration' записана в журнал.
[2025-05-16 08:42:22] ✅ Все таблицы SQLAlchemy созданы.
[2025-05-16 08:42:22] 🗂 Миграция 'initial_migration' записана в журнал.
[2025-05-16 08:51:17] ✅ Все таблицы SQLAlchemy созданы.
[2025-05-16 08:51:17] 🗂 Миграция 'initial_migration' записана в журнал.
[2025-05-16 08:57:38] ✅ Все таблицы SQLAlchemy созданы.
[2025-05-16 08:57:38] 🗂 Миграция 'initial_migration' записана в журнал.
[2025-05-16 09:01:45] ✅ Все таблицы SQLAlchemy созданы.
[2025-05-16 09:01:45] 🗂 Миграция 'initial_migration' записана в журнал.
[2025-05-16 09:03:28] ✅ Все таблицы SQLAlchemy созданы.
[2025-05-16 09:03:28] 🗂 Миграция 'initial_migration' записана в журнал.
[2025-05-16 09:04:21] ✅ Все таблицы SQLAlchemy созданы.
[2025-05-16 09:04:21] 🗂 Миграция 'initial_migration' записана в журнал.
[2025-05-16 09:07:57] ✅ Все таблицы SQLAlchemy созданы.
[2025-05-16 09:07:57] 🗂 Миграция 'initial_migration' записана в журнал.
[2025-05-16 09:11:20] ✅ Все таблицы SQLAlchemy созданы.
[2025-05-16 09:11:20] 🗂 Миграция 'initial_migration' записана в журнал.
[2025-05-16 09:17:45] ✅ Все таблицы SQLAlchemy созданы.
[2025-05-16 09:17:45] 🗂 Миграция 'initial_migration' записана в журнал.
[2025-05-16 09:21:13] ✅ Все таблицы SQLAlchemy созданы.
[2025-05-16 09:21:13] 🗂 Миграция 'initial_migration' записана в журнал.
[2025-05-16 19:45:57] ✅ Все таблицы SQLAlchemy созданы.
[2025-05-16 19:45:57] 🗂 Миграция 'initial_migration' записана в журнал.
[2025-05-16 20:56:24] ✅ Все таблицы SQLAlchemy созданы.
[2025-05-16 20:56:24] 🗂 Миграция 'initial_migration' записана в журнал.
[2025-05-17 06:18:22] ✅ Все таблицы SQLAlchemy созданы.
[2025-05-17 06:18:22] 🗂 Миграция 'initial_migration' записана в журнал.
[2025-05-17 06:21:46] ✅ Все таблицы SQLAlchemy созданы.
[2025-05-17 06:21:46] 🗂 Миграция 'initial_migration' записана в журнал.
[2025-05-17 06:24:48] ✅ Все таблицы SQLAlchemy созданы.
[2025-05-17 06:24:48] 🗂 Миграция 'initial_migration' записана в журнал.
[2025-05-17 06:36:52] ✅ Все таблицы SQLAlchemy созданы.
[2025-05-17 06:36:52] 🗂 Миграция 'initial_migration' записана в журнал.
[2025-05-17 06:37:52] ✅ Все таблицы SQLAlchemy созданы.
[2025-05-17 06:37:52] 🗂 Миграция 'initial_migration' записана в журнал.
[2025-05-17 06:46:21] ✅ Все таблицы SQLAlchemy созданы.
[2025-05-17 06:46:21] 🗂 Миграция 'initial_migration' записана в журнал.
[2025-05-19 00:41:22] ✅ Все таблицы SQLAlchemy созданы.
[2025-05-19 00:41:22] 🗂 Миграция 'initial_migration' записана в журнал.
[2025-05-19 01:38:16] ✅ Все таблицы SQLAlchemy созданы.
[2025-05-19 01:38:16] 🗂 Миграция 'initial_migration' записана в журнал.
[2025-05-19 01:39:29] ✅ Все таблицы SQLAlchemy созданы.
[2025-05-19 01:39:29] 🗂 Миграция 'initial_migration' записана в журнал.
[2025-05-19 01:40:03] ✅ Все таблицы SQLAlchemy созданы.
[2025-05-19 01:40:03] 🗂 Миграция 'initial_migration' записана в журнал.
[2025-05-19 01:48:17] ✅ Все таблицы SQLAlchemy созданы.
[2025-05-19 01:48:17] 🗂 Миграция 'initial_migration' записана в журнал.
[2025-05-19 01:49:20] ✅ Все таблицы SQLAlchemy созданы.
[2025-05-19 01:49:20] 🗂 Миграция 'initial_migration' записана в журнал.
[2025-05-19 02:18:27] ✅ Все таблицы SQLAlchemy созданы.
[2025-05-19 02:18:27] 🗂 Миграция 'initial_migration' записана в журнал.
[2025-05-19 02:20:20] ✅ Все таблицы SQLAlchemy созданы.
[2025-05-19 02:20:20] 🗂 Миграция 'initial_migration' записана в журнал.
[2025-05-19 02:46:06] ✅ Все таблицы SQLAlchemy созданы.
[2025-05-19 02:46:06] 🗂 Миграция 'initial_migration' записана в журнал.
[2025-05-19 02:56:01] ✅ Все таблицы SQLAlchemy созданы.
[2025-05-19 02:56:01] 🗂 Миграция 'initial_migration' записана в журнал.
[2025-05-19 05:19:32] ✅ Все таблицы SQLAlchemy созданы.
[2025-05-19 05:19:32] 🗂 Миграция 'initial_migration' записана в журнал.
[2025-05-19 05:21:50] ✅ Все таблицы SQLAlchemy созданы.
[2025-05-19 05:21:50] 🗂 Миграция 'initial_migration' записана в журнал.
[2025-05-19 05:28:03] ✅ Все таблицы SQLAlchemy созданы.
[2025-05-19 05:28:04] 🗂 Миграция 'initial_migration' записана в журнал.
[2025-05-19 05:41:38] ✅ Все таблицы SQLAlchemy созданы.
[2025-05-19 05:41:38] 🗂 Миграция 'initial_migration' записана в журнал.
[2025-05-19 05:44:36] ✅ Все таблицы SQLAlchemy созданы.
[2025-05-19 05:44:36] 🗂 Миграция 'initial_migration' записана в журнал.
[2025-05-19 05:52:01] ✅ Все таблицы SQLAlchemy созданы.
[2025-05-19 05:52:01] 🗂 Миграция 'initial_migration' записана в журнал.
[2025-05-19 06:03:17] ✅ Все таблицы SQLAlchemy созданы.
[2025-05-19 06:03:17] 🗂 Миграция 'initial_migration' записана в журнал.
[2025-05-19 06:05:51] ✅ Все таблицы SQLAlchemy созданы.
[2025-05-19 06:05:51] 🗂 Миграция 'initial_migration' записана в журнал.
[2025-05-19 06:41:56] ✅ Все таблицы SQLAlchemy созданы.
[2025-05-19 06:41:56] 🗂 Миграция 'initial_migration' записана в журнал.
[2025-05-19 07:33:46] ✅ Все таблицы SQLAlchemy созданы.
[2025-05-19 07:33:46] 🗂 Миграция 'initial_migration' записана в журнал.
[2025-05-19 07:46:58] ✅ Все таблицы SQLAlchemy созданы.
[2025-05-19 07:46:58] 🗂 Миграция 'initial_migration' записана в журнал.
[2025-05-19 08:14:37] ✅ Все таблицы SQLAlchemy созданы.
[2025-05-19 08:14:37] 🗂 Миграция 'initial_migration' записана в журнал.
[2025-05-19 08:19:48] ✅ Все таблицы SQLAlchemy созданы.
[2025-05-19 08:19:48] 🗂 Миграция 'initial_migration' записана в журнал.
[2025-05-19 08:22:56] ✅ Все таблицы SQLAlchemy созданы.
[2025-05-19 08:22:56] 🗂 Миграция 'initial_migration' записана в журнал.
[2025-05-19 08:34:02] ✅ Все таблицы SQLAlchemy созданы.
[2025-05-19 08:34:02] 🗂 Миграция 'initial_migration' записана в журнал.
[2025-05-19 08:41:07] ✅ Все таблицы SQLAlchemy созданы.
[2025-05-19 08:41:07] 🗂 Миграция 'initial_migration' записана в журнал.
[2025-05-19 09:00:38] ✅ Все таблицы SQLAlchemy созданы.
[2025-05-19 09:00:38] 🗂 Миграция 'initial_migration' записана в журнал.
[2025-05-19 09:09:39] ✅ Все таблицы SQLAlchemy созданы.
[2025-05-19 09:09:39] 🗂 Миграция 'initial_migration' записана в журнал.
[2025-05-19 09:51:00] ✅ Все таблицы SQLAlchemy созданы.
[2025-05-19 09:51:00] 🗂 Миграция 'initial_migration' записана в журнал.
[2025-05-19 10:09:37] ✅ Все таблицы SQLAlchemy созданы.
[2025-05-19 10:09:37] 🗂 Миграция 'initial_migration' записана в журнал.
[2025-05-19 10:13:54] ✅ Все таблицы SQLAlchemy созданы.
[2025-05-19 10:13:54] 🗂 Миграция 'initial_migration' записана в журнал.
[2025-05-19 10:35:48] ✅ Все таблицы SQLAlchemy созданы.
[2025-05-19 10:35:48] 🗂 Миграция 'initial_migration' записана в журнал.
[2025-05-19 10:44:51] ✅ Все таблицы SQLAlchemy созданы.
[2025-05-19 10:44:51] 🗂 Миграция 'initial_migration' записана в журнал.
[2025-05-19 14:14:02] ✅ Все таблицы SQLAlchemy созданы.
[2025-05-19 14:14:02] 🗂 Миграция 'initial_migration' записана в журнал.
[2025-05-19 14:27:07] ✅ Все таблицы SQLAlchemy созданы.
[2025-05-19 14:27:07] 🗂 Миграция 'initial_migration' записана в журнал.
[2025-05-19 14:41:11] ✅ Все таблицы SQLAlchemy созданы.
[2025-05-19 14:41:11] 🗂 Миграция 'initial_migration' записана в журнал.
[2025-05-19 14:47:02] ✅ Все таблицы SQLAlchemy созданы.
[2025-05-19 14:47:02] 🗂 Миграция 'initial_migration' записана в журнал.
[2025-05-19 14:50:51] ✅ Все таблицы SQLAlchemy созданы.
[2025-05-19 14:50:51] 🗂 Миграция 'initial_migration' записана в журнал.
[2025-05-19 14:54:01] ✅ Все таблицы SQLAlchemy созданы.
[2025-05-19 14:54:01] 🗂 Миграция 'initial_migration' записана в журнал.
[2025-05-19 15:00:50] ✅ Все таблицы SQLAlchemy созданы.
[2025-05-19 15:00:50] 🗂 Миграция 'initial_migration' записана в журнал.
[2025-05-19 15:17:58] ✅ Все таблицы SQLAlchemy созданы.
[2025-05-19 15:17:58] 🗂 Миграция 'initial_migration' записана в журнал.
[2025-05-19 15:23:19] ✅ Все таблицы SQLAlchemy созданы.
[2025-05-19 15:23:19] 🗂 Миграция 'initial_migration' записана в журнал.
[2025-05-19 15:23:47] ✅ Все таблицы SQLAlchemy созданы.
[2025-05-19 15:23:47] 🗂 Миграция 'initial_migration' записана в журнал.
[2025-05-19 15:39:36] ✅ Все таблицы SQLAlchemy созданы.
[2025-05-19 15:39:36] 🗂 Миграция 'initial_migration' записана в журнал.
[2025-05-19 23:10:03] ✅ Все таблицы SQLAlchemy созданы.
[2025-05-19 23:10:03] 🗂 Миграция 'initial_migration' записана в журнал.
[2025-05-19 23:11:21] ✅ Все таблицы SQLAlchemy созданы.
[2025-05-19 23:11:21] 🗂 Миграция 'initial_migration' записана в журнал.
[2025-05-19 23:12:37] ✅ Все таблицы SQLAlchemy созданы.
[2025-05-19 23:12:37] 🗂 Миграция 'initial_migration' записана в журнал.
[2025-05-19 23:36:20] ✅ Все таблицы SQLAlchemy созданы.
[2025-05-19 23:36:20] 🗂 Миграция 'initial_migration' записана в журнал.
[2025-05-19 23:37:52] ✅ Все таблицы SQLAlchemy созданы.
[2025-05-19 23:37:52] 🗂 Миграция 'initial_migration' записана в журнал.
[2025-05-19 23:40:24] ✅ Все таблицы SQLAlchemy созданы.
[2025-05-19 23:40:24] 🗂 Миграция 'initial_migration' записана в журнал.
[2025-05-20 02:51:27] ✅ Все таблицы SQLAlchemy созданы.
[2025-05-20 02:51:27] 🗂 Миграция 'initial_migration' записана в журнал.
[2025-05-20 02:56:17] ✅ Все таблицы SQLAlchemy созданы.
[2025-05-20 02:56:17] 🗂 Миграция 'initial_migration' записана в журнал.
[2025-05-20 03:00:27] ✅ Все таблицы SQLAlchemy созданы.
[2025-05-20 03:00:27] 🗂 Миграция 'initial_migration' записана в журнал.
[2025-05-20 03:03:42] ✅ Все таблицы SQLAlchemy созданы.
[2025-05-20 03:03:42] 🗂 Миграция 'initial_migration' записана в журнал.
[2025-05-20 03:08:28] ✅ Все таблицы SQLAlchemy созданы.
[2025-05-20 03:08:28] 🗂 Миграция 'initial_migration' записана в журнал.
[2025-05-20 03:17:37] ✅ Все таблицы SQLAlchemy созданы.
[2025-05-20 03:17:37] 🗂 Миграция 'initial_migration' записана в журнал.
[2025-05-20 03:19:39] ✅ Все таблицы SQLAlchemy созданы.
[2025-05-20 03:19:39] 🗂 Миграция 'initial_migration' записана в журнал.
[2025-05-20 03:22:04] ✅ Все таблицы SQLAlchemy созданы.
[2025-05-20 03:22:04] 🗂 Миграция 'initial_migration' записана в журнал.
[2025-05-20 03:25:42] ✅ Все таблицы SQLAlchemy созданы.
[2025-05-20 03:25:42] 🗂 Миграция 'initial_migration' записана в журнал.
[2025-05-20 03:25:48] ✅ Все таблицы SQLAlchemy созданы.
[2025-05-20 03:25:48] 🗂 Миграция 'initial_migration' записана в журнал.
[2025-05-20 03:29:32] ✅ Все таблицы SQLAlchemy созданы.
[2025-05-20 03:29:32] 🗂 Миграция 'initial_migration' записана в журнал.
[2025-05-20 03:31:59] ✅ Все таблицы SQLAlchemy созданы.
[2025-05-20 03:31:59] 🗂 Миграция 'initial_migration' записана в журнал.
[2025-05-20 03:35:29] ✅ Все таблицы SQLAlchemy созданы.
[2025-05-20 03:35:29] 🗂 Миграция 'initial_migration' записана в журнал.
[2025-05-20 03:45:54] ✅ Все таблицы SQLAlchemy созданы.
[2025-05-20 03:45:54] 🗂 Миграция 'initial_migration' записана в журнал.
[2025-05-20 03:52:18] ✅ Все таблицы SQLAlchemy созданы.
[2025-05-20 03:52:18] 🗂 Миграция 'initial_migration' записана в журнал.
[2025-05-20 04:09:09] ✅ Все таблицы SQLAlchemy созданы.
[2025-05-20 04:09:09] 🗂 Миграция 'initial_migration' записана в журнал.
[2025-05-20 15:00:55] ✅ Все таблицы SQLAlchemy созданы.
[2025-05-20 15:00:55] 🗂 Миграция 'initial_migration' записана в журнал.
[2025-05-20 15:03:36] ✅ Все таблицы SQLAlchemy созданы.
[2025-05-20 15:03:36] 🗂 Миграция 'initial_migration' записана в журнал.
[2025-05-20 15:05:37] ✅ Все таблицы SQLAlchemy созданы.
[2025-05-20 15:05:37] 🗂 Миграция 'initial_migration' записана в журнал.
[2025-05-20 15:59:34] ✅ Все таблицы SQLAlchemy созданы.
[2025-05-20 15:59:34] 🗂 Миграция 'initial_migration' записана в журнал.
[2025-05-21 03:42:44] ✅ Все таблицы SQLAlchemy созданы.
[2025-05-21 03:42:44] 🗂 Миграция 'initial_migration' записана в журнал.
[2025-05-21 03:47:28] ✅ Все таблицы SQLAlchemy созданы.
[2025-05-21 03:47:28] 🗂 Миграция 'initial_migration' записана в журнал.
[2025-05-21 03:57:47] ✅ Все таблицы SQLAlchemy созданы.
[2025-05-21 03:57:47] 🗂 Миграция 'initial_migration' записана в журнал.
[2025-05-21 04:01:22] ✅ Все таблицы SQLAlchemy созданы.
[2025-05-21 04:01:22] 🗂 Миграция 'initial_migration' записана в журнал.
[2025-05-21 20:13:46] ✅ Все таблицы SQLAlchemy созданы.
[2025-05-21 20:13:46] 🗂 Миграция 'initial_migration' записана в журнал.
[2025-05-22 18:51:55] ✅ Все таблицы SQLAlchemy созданы.
[2025-05-22 18:51:55] 🗂 Миграция 'initial_migration' записана в журнал.
[2025-05-22 18:57:29] ✅ Все таблицы SQLAlchemy созданы.
[2025-05-22 18:57:29] 🗂 Миграция 'initial_migration' записана в журнал.
[2025-05-22 21:24:04] ✅ Все таблицы SQLAlchemy созданы.
[2025-05-22 21:24:04] 🗂 Миграция 'initial_migration' записана в журнал.
[2025-05-22 21:27:28] ✅ Все таблицы SQLAlchemy созданы.
[2025-05-22 21:27:28] 🗂 Миграция 'initial_migration' записана в журнал.
[2025-05-22 21:30:29] ✅ Все таблицы SQLAlchemy созданы.
[2025-05-22 21:30:29] 🗂 Миграция 'initial_migration' записана в журнал.
[2025-05-22 21:41:22] ✅ Все таблицы SQLAlchemy созданы.
[2025-05-22 21:41:22] 🗂 Миграция 'initial_migration' записана в журнал.
[2025-05-23 01:07:03] ✅ Все таблицы SQLAlchemy созданы.
[2025-05-23 01:07:03] 🗂 Миграция 'initial_migration' записана в журнал.
[2025-05-23 01:20:53] ✅ Все таблицы SQLAlchemy созданы.
[2025-05-23 01:20:53] 🗂 Миграция 'initial_migration' записана в журнал.
[2025-05-23 21:34:24] ✅ Все таблицы SQLAlchemy созданы.
[2025-05-23 21:34:24] 🗂 Миграция 'initial_migration' записана в журнал.
[2025-05-23 22:08:11] ✅ Все таблицы SQLAlchemy созданы.
[2025-05-23 22:08:11] 🗂 Миграция 'initial_migration' записана в журнал.
[2025-05-23 22:13:20] ✅ Все таблицы SQLAlchemy созданы.
[2025-05-23 22:13:20] 🗂 Миграция 'initial_migration' записана в журнал.
[2025-05-23 22:18:04] ✅ Все таблицы SQLAlchemy созданы.
[2025-05-23 22:18:04] 🗂 Миграция 'initial_migration' записана в журнал.
[2025-05-23 22:18:22] ✅ Все таблицы SQLAlchemy созданы.
[2025-05-23 22:18:22] 🗂 Миграция 'initial_migration' записана в журнал.
[2025-05-23 22:20:32] ✅ Все таблицы SQLAlchemy созданы.
[2025-05-23 22:20:32] 🗂 Миграция 'initial_migration' записана в журнал.
[2025-05-23 22:28:06] ✅ Все таблицы SQLAlchemy созданы.
[2025-05-23 22:28:06] 🗂 Миграция 'initial_migration' записана в журнал.
[2025-05-23 22:33:12] ✅ Все таблицы SQLAlchemy созданы.
[2025-05-23 22:33:12] 🗂 Миграция 'initial_migration' записана в журнал.
[2025-05-25 17:15:31] ✅ Все таблицы SQLAlchemy созданы.
[2025-05-25 17:15:31] 🗂 Миграция 'initial_migration' записана в журнал.
[2025-05-25 17:27:29] ✅ Все таблицы SQLAlchemy созданы.
[2025-05-25 17:27:29] 🗂 Миграция 'initial_migration' записана в журнал.
[2025-05-25 17:56:54] ✅ Все таблицы SQLAlchemy созданы.
[2025-05-25 17:56:54] 🗂 Миграция 'initial_migration' записана в журнал.
[2025-05-25 18:02:00] ✅ Все таблицы SQLAlchemy созданы.
[2025-05-25 18:02:00] 🗂 Миграция 'initial_migration' записана в журнал.
[2025-05-25 18:04:11] ✅ Все таблицы SQLAlchemy созданы.
[2025-05-25 18:04:11] 🗂 Миграция 'initial_migration' записана в журнал.
[2025-05-25 18:08:03] ✅ Все таблицы SQLAlchemy созданы.
[2025-05-25 18:08:03] 🗂 Миграция 'initial_migration' записана в журнал.
[2025-05-25 18:09:49] ✅ Все таблицы SQLAlchemy созданы.
[2025-05-25 18:09:49] 🗂 Миграция 'initial_migration' записана в журнал.
[2025-05-25 18:11:33] ✅ Все таблицы SQLAlchemy созданы.
[2025-05-25 18:11:33] 🗂 Миграция 'initial_migration' записана в журнал.
[2025-05-25 18:40:58] ✅ Все таблицы SQLAlchemy созданы.
[2025-05-25 18:40:58] 🗂 Миграция 'initial_migration' записана в журнал.
[2025-05-25 19:39:17] ✅ Все таблицы SQLAlchemy созданы.
[2025-05-25 19:39:17] 🗂 Миграция 'initial_migration' записана в журнал.
[2025-05-25 19:45:03] ✅ Все таблицы SQLAlchemy созданы.
[2025-05-25 19:45:03] 🗂 Миграция 'initial_migration' записана в журнал.
[2025-05-25 19:51:20] ✅ Все таблицы SQLAlchemy созданы.
[2025-05-25 19:51:20] 🗂 Миграция 'initial_migration' записана в журнал.
[2025-05-25 19:54:02] ✅ Все таблицы SQLAlchemy созданы.
[2025-05-25 19:54:02] 🗂 Миграция 'initial_migration' записана в журнал.
[2025-05-25 20:01:13] ✅ Все таблицы SQLAlchemy созданы.
[2025-05-25 20:01:13] 🗂 Миграция 'initial_migration' записана в журнал.
[2025-05-25 20:06:28] ✅ Все таблицы SQLAlchemy созданы.
[2025-05-25 20:06:28] 🗂 Миграция 'initial_migration' записана в журнал.
[2025-05-25 20:09:25] ✅ Все таблицы SQLAlchemy созданы.
[2025-05-25 20:09:25] 🗂 Миграция 'initial_migration' записана в журнал.
[2025-05-25 20:22:57] ✅ Все таблицы SQLAlchemy созданы.
[2025-05-25 20:22:57] 🗂 Миграция 'initial_migration' записана в журнал.
[2025-05-25 20:25:51] ✅ Все таблицы SQLAlchemy созданы.
[2025-05-25 20:25:51] 🗂 Миграция 'initial_migration' записана в журнал.
[2025-05-25 20:30:48] ✅ Все таблицы SQLAlchemy созданы.
[2025-05-25 20:30:48] 🗂 Миграция 'initial_migration' записана в журнал.
[2025-05-25 20:36:54] ✅ Все таблицы SQLAlchemy созданы.
[2025-05-25 20:36:54] 🗂 Миграция 'initial_migration' записана в журнал.
[2025-05-25 20:38:42] ✅ Все таблицы SQLAlchemy созданы.
[2025-05-25 20:38:42] 🗂 Миграция 'initial_migration' записана в журнал.
[2025-05-25 21:27:21] ✅ Все таблицы SQLAlchemy созданы.
[2025-05-25 21:27:21] 🗂 Миграция 'initial_migration' записана в журнал.
[2025-05-25 21:30:14] ✅ Все таблицы SQLAlchemy созданы.
[2025-05-25 21:30:14] 🗂 Миграция 'initial_migration' записана в журнал.
[2025-05-25 23:54:52] ✅ Все таблицы SQLAlchemy созданы.
[2025-05-25 23:54:52] 🗂 Миграция 'initial_migration' записана в журнал.
[2025-05-26 00:06:27] ✅ Все таблицы SQLAlchemy созданы.
[2025-05-26 00:06:27] 🗂 Миграция 'initial_migration' записана в журнал.
[2025-05-26 00:13:40] ✅ Все таблицы SQLAlchemy созданы.
[2025-05-26 00:13:40] 🗂 Миграция 'initial_migration' записана в журнал.
[2025-05-26 00:26:59] ✅ Все таблицы SQLAlchemy созданы.
[2025-05-26 00:26:59] 🗂 Миграция 'initial_migration' записана в журнал.
[2025-05-26 00:31:49] ✅ Все таблицы SQLAlchemy созданы.
[2025-05-26 00:31:49] 🗂 Миграция 'initial_migration' записана в журнал.
[2025-05-26 01:05:20] ✅ Все таблицы SQLAlchemy созданы.
[2025-05-26 01:05:20] 🗂 Миграция 'initial_migration' записана в журнал.
[2025-05-26 01:14:38] ✅ Все таблицы SQLAlchemy созданы.
[2025-05-26 01:14:38] 🗂 Миграция 'initial_migration' записана в журнал.
[2025-05-26 02:21:54] ✅ Все таблицы SQLAlchemy созданы.
[2025-05-26 02:21:54] ❌ Ошибка при создании таблиц: Not an executable object: 'CREATE UNIQUE INDEX IF NOT EXISTS uniq_event_invited ON invitations (event_id, invited_user_id);'
[2025-05-26 02:21:54] 🛠 Пробуем создать таблицу users вручную через asyncpg...
[2025-05-26 02:21:54] ✅ Таблица users создана вручную (fallback).
[2025-05-26 02:21:54] ✅ Все таблицы SQLAlchemy созданы.
[2025-05-26 02:23:52] ✅ Все таблицы SQLAlchemy созданы.
[2025-05-26 02:23:52] ❌ Ошибка при создании таблиц: Not an executable object: 'CREATE UNIQUE INDEX IF NOT EXISTS uniq_event_invited ON invitations (event_id, invited_user_id);'
[2025-05-26 02:23:52] 🛠 Пробуем создать таблицу users вручную через asyncpg...
[2025-05-26 02:23:52] ✅ Таблица users создана вручную (fallback).
[2025-05-26 02:23:52] ✅ Все таблицы SQLAlchemy созданы.
[2025-05-26 02:26:58] ✅ Все таблицы SQLAlchemy созданы.
[2025-05-26 02:26:58] ❌ Ошибка при создании таблиц: Not an executable object: 'CREATE UNIQUE INDEX IF NOT EXISTS uniq_event_invited ON invitations (event_id, invited_user_id);'
[2025-05-26 02:26:58] 🛠 Пробуем создать таблицу users вручную через asyncpg...
[2025-05-26 02:26:59] ✅ Таблица users создана вручную (fallback).
[2025-05-26 02:26:59] ✅ Все таблицы SQLAlchemy созданы.
[2025-05-26 03:07:01] ✅ Все таблицы SQLAlchemy созданы.
[2025-05-26 03:07:01] ❌ Ошибка при создании таблиц: Not an executable object: 'CREATE UNIQUE INDEX IF NOT EXISTS uniq_event_invited ON invitations (event_id, invited_user_id);'
[2025-05-26 03:07:01] 🛠 Пробуем создать таблицу users вручную через asyncpg...
[2025-05-26 03:07:01] ✅ Таблица users создана вручную (fallback).
[2025-05-26 03:07:01] ✅ Все таблицы SQLAlchemy созданы.
[2025-05-26 03:56:12] ✅ Все таблицы SQLAlchemy созданы.
[2025-05-26 03:56:12] ❌ Ошибка при создании таблиц: Not an executable object: 'CREATE UNIQUE INDEX IF NOT EXISTS uniq_event_invited ON invitations (event_id, invited_user_id);'
[2025-05-26 03:56:12] 🛠 Пробуем создать таблицу users вручную через asyncpg...
[2025-05-26 03:56:12] ✅ Таблица users создана вручную (fallback).
[2025-05-26 03:56:12] ✅ Все таблицы SQLAlchemy созданы.
[2025-05-26 04:11:35] ✅ Все таблицы SQLAlchemy созданы.
[2025-05-26 04:11:35] 🛠 Пробуем создать таблицу users вручную через asyncpg...
[2025-05-26 04:11:35] ✅ Таблица users создана вручную (fallback).
[2025-05-26 04:11:35] ✅ Все таблицы SQLAlchemy созданы.
[2025-05-26 04:11:54] ✅ Все таблицы SQLAlchemy созданы.
[2025-05-26 04:11:54] ✅ Таблица users создана вручную (fallback).
[2025-05-26 04:11:54] ✅ Все таблицы SQLAlchemy созданы.
[2025-05-26 04:13:28] ✅ Все таблицы SQLAlchemy созданы.
[2025-05-26 04:13:28] ✅ Таблица users создана вручную (fallback).
[2025-05-26 04:13:28] ✅ Все таблицы SQLAlchemy созданы.
[2025-05-26 04:14:47] ✅ Все таблицы SQLAlchemy созданы.
[2025-05-26 04:14:47] ✅ Таблица users создана вручную (fallback).
[2025-05-26 04:14:47] ✅ Все таблицы SQLAlchemy созданы.
[2025-05-26 04:19:17] ✅ Все таблицы SQLAlchemy созданы.
[2025-05-26 04:19:17] ✅ Таблица users создана вручную (fallback).
[2025-05-26 04:19:17] ✅ Все таблицы SQLAlchemy созданы.
[2025-05-26 04:31:09] ✅ Все таблицы SQLAlchemy созданы.
[2025-05-26 04:31:09] ✅ Таблица users создана вручную (fallback).
[2025-05-26 04:31:09] ✅ Все таблицы SQLAlchemy созданы.
[2025-05-26 05:54:52] ✅ Все таблицы SQLAlchemy созданы.
[2025-05-26 05:54:52] ✅ Таблица users создана вручную (fallback).
[2025-05-26 05:54:52] ✅ Все таблицы SQLAlchemy созданы.
[2025-05-26 08:53:47] ✅ Все таблицы SQLAlchemy созданы.
[2025-05-26 08:53:47] ✅ Таблица users создана вручную (fallback).
[2025-05-26 08:53:47] ✅ Все таблицы SQLAlchemy созданы.
[2025-05-26 10:01:56] ✅ Все таблицы SQLAlchemy созданы.
[2025-05-26 10:01:56] ✅ Таблица users создана вручную (fallback).
[2025-05-26 10:01:56] ✅ Все таблицы SQLAlchemy созданы.
[2025-05-26 10:33:38] ✅ Все таблицы SQLAlchemy созданы.
[2025-05-26 10:33:38] ✅ Таблица users создана вручную (fallback).
[2025-05-26 10:33:38] ✅ Все таблицы SQLAlchemy созданы.
[2025-05-26 10:53:59] ✅ Все таблицы SQLAlchemy созданы.
[2025-05-26 10:53:59] ✅ Таблица users создана вручную (fallback).
[2025-05-26 10:53:59] ✅ Все таблицы SQLAlchemy созданы.
[2025-05-26 10:56:01] ✅ Все таблицы SQLAlchemy созданы.
[2025-05-26 10:56:01] ✅ Таблица users создана вручную (fallback).
[2025-05-26 10:56:01] ✅ Все таблицы SQLAlchemy созданы.
[2025-05-26 10:58:51] ✅ Все таблицы SQLAlchemy созданы.
[2025-05-26 10:58:51] ✅ Таблица users создана вручную (fallback).
[2025-05-26 10:58:51] ✅ Все таблицы SQLAlchemy созданы.
[2025-05-26 11:12:33] ✅ Все таблицы SQLAlchemy созданы.
[2025-05-26 11:12:33] ✅ Таблица users создана вручную (fallback).
[2025-05-26 11:12:33] ✅ Все таблицы SQLAlchemy созданы.
[2025-05-26 11:27:11] ✅ Все таблицы SQLAlchemy созданы.
[2025-05-26 11:27:11] ✅ Таблица users создана вручную (fallback).
[2025-05-26 11:27:11] ✅ Все таблицы SQLAlchemy созданы.
[2025-05-26 11:29:12] ✅ Все таблицы SQLAlchemy созданы.
[2025-05-26 11:29:12] ✅ Таблица users создана вручную (fallback).
[2025-05-26 11:29:12] ✅ Все таблицы SQLAlchemy созданы.
[2025-05-26 11:30:15] ✅ Все таблицы SQLAlchemy созданы.
[2025-05-26 11:30:15] ✅ Таблица users создана вручную (fallback).
[2025-05-26 11:30:15] ✅ Все таблицы SQLAlchemy созданы.
[2025-05-26 15:50:40] ✅ Все таблицы SQLAlchemy созданы.
[2025-05-26 15:50:40] ✅ Таблица users создана вручную (fallback).
[2025-05-26 15:50:40] ✅ Все таблицы SQLAlchemy созданы.
[2025-05-27 18:37:13] ✅ Все таблицы SQLAlchemy созданы.
[2025-05-27 18:37:13] ✅ Таблица users создана вручную (fallback).
[2025-05-27 18:37:13] ✅ Все таблицы SQLAlchemy созданы.
[2025-05-27 19:12:57] ✅ Все таблицы SQLAlchemy созданы.
[2025-05-27 19:12:57] ✅ Таблица users создана вручную (fallback).
[2025-05-27 19:12:57] ✅ Все таблицы SQLAlchemy созданы.
[2025-05-27 19:57:03] ✅ Все таблицы SQLAlchemy созданы.
[2025-05-27 19:57:03] ✅ Таблица users создана вручную (fallback).
[2025-05-27 19:57:03] ✅ Все таблицы SQLAlchemy созданы.
[2025-05-27 20:39:06] ✅ Все таблицы SQLAlchemy созданы.
[2025-05-27 20:39:06] ✅ Таблица users создана вручную (fallback).
[2025-05-27 20:39:06] ✅ Все таблицы SQLAlchemy созданы.
[2025-05-27 20:41:50] ✅ Все таблицы SQLAlchemy созданы.
[2025-05-27 20:41:50] ✅ Таблица users создана вручную (fallback).
[2025-05-27 20:41:50] ✅ Все таблицы SQLAlchemy созданы.
[2025-05-27 20:58:32] ✅ Все таблицы SQLAlchemy созданы.
[2025-05-27 20:58:32] ✅ Таблица users создана вручную (fallback).
[2025-05-27 20:58:32] ✅ Все таблицы SQLAlchemy созданы.
[2025-05-27 21:00:25] ✅ Все таблицы SQLAlchemy созданы.
[2025-05-27 21:00:25] ✅ Таблица users создана вручную (fallback).
[2025-05-27 21:00:25] ✅ Все таблицы SQLAlchemy созданы.
[2025-05-27 21:58:22] ✅ Все таблицы SQLAlchemy созданы.
[2025-05-27 21:58:22] ✅ Таблица users создана вручную (fallback).
[2025-05-27 21:58:22] ✅ Все таблицы SQLAlchemy созданы.
[2025-05-27 23:34:11] ✅ Все таблицы SQLAlchemy созданы.
[2025-05-27 23:34:11] ✅ Таблица users создана вручную (fallback).
[2025-05-27 23:34:11] ✅ Все таблицы SQLAlchemy созданы.
[2025-05-27 23:58:45] ✅ Все таблицы SQLAlchemy созданы.
[2025-05-27 23:58:45] ✅ Таблица users создана вручную (fallback).
[2025-05-27 23:58:45] ✅ Все таблицы SQLAlchemy созданы.
[2025-05-28 01:06:41] ✅ Все таблицы SQLAlchemy созданы.
[2025-05-28 01:06:41] ✅ Таблица users создана вручную (fallback).
[2025-05-28 01:06:41] ✅ Все таблицы SQLAlchemy созданы.
[2025-05-28 01:08:23] ✅ Все таблицы SQLAlchemy созданы.
[2025-05-28 01:08:23] ✅ Таблица users создана вручную (fallback).
[2025-05-28 01:08:23] ✅ Все таблицы SQLAlchemy созданы.
[2025-05-28 01:17:49] ✅ Все таблицы SQLAlchemy созданы.
[2025-05-28 01:17:49] ✅ Таблица users создана вручную (fallback).
[2025-05-28 01:17:49] ✅ Все таблицы SQLAlchemy созданы.
[2025-05-28 01:33:44] ✅ Все таблицы SQLAlchemy созданы.
[2025-05-28 01:33:44] ✅ Таблица users создана вручную (fallback).
[2025-05-28 01:33:44] ✅ Все таблицы SQLAlchemy созданы.
[2025-05-28 01:38:47] ✅ Все таблицы SQLAlchemy созданы.
[2025-05-28 01:38:47] ✅ Таблица users создана вручную (fallback).
[2025-05-28 01:38:47] ✅ Все таблицы SQLAlchemy созданы.
[2025-05-28 01:41:53] ✅ Все таблицы SQLAlchemy созданы.
[2025-05-28 01:41:53] ✅ Таблица users создана вручную (fallback).
[2025-05-28 01:41:53] ✅ Все таблицы SQLAlchemy созданы.
[2025-05-28 01:47:08] ✅ Все таблицы SQLAlchemy созданы.
[2025-05-28 01:47:08] ✅ Таблица users создана вручную (fallback).
[2025-05-28 01:47:08] ✅ Все таблицы SQLAlchemy созданы.
[2025-05-28 01:58:37] ✅ Все таблицы SQLAlchemy созданы.
[2025-05-28 01:58:37] ✅ Таблица users создана вручную (fallback).
[2025-05-28 01:58:37] ✅ Все таблицы SQLAlchemy созданы.
[2025-05-28 02:00:18] ✅ Все таблицы SQLAlchemy созданы.
[2025-05-28 02:00:18] ✅ Таблица users создана вручную (fallback).
[2025-05-28 02:00:18] ✅ Все таблицы SQLAlchemy созданы.
[2025-05-28 02:06:07] ✅ Все таблицы SQLAlchemy созданы.
[2025-05-28 02:06:07] ✅ Таблица users создана вручную (fallback).
[2025-05-28 02:06:07] ✅ Все таблицы SQLAlchemy созданы.
[2025-05-28 02:07:27] ✅ Все таблицы SQLAlchemy созданы.
[2025-05-28 02:07:27] ✅ Таблица users создана вручную (fallback).
[2025-05-28 02:07:27] ✅ Все таблицы SQLAlchemy созданы.
[2025-05-28 02:11:03] ✅ Все таблицы SQLAlchemy созданы.
[2025-05-28 02:11:03] ✅ Таблица users создана вручную (fallback).
[2025-05-28 02:11:03] ✅ Все таблицы SQLAlchemy созданы.
[2025-05-28 02:18:03] ✅ Все таблицы SQLAlchemy созданы.
[2025-05-28 02:18:03] ✅ Таблица users создана вручную (fallback).
[2025-05-28 02:18:03] ✅ Все таблицы SQLAlchemy созданы.
[2025-05-28 02:20:56] ✅ Все таблицы SQLAlchemy созданы.
[2025-05-28 02:20:56] ✅ Таблица users создана вручную (fallback).
[2025-05-28 02:20:56] ✅ Все таблицы SQLAlchemy созданы.
[2025-05-28 02:23:42] ✅ Все таблицы SQLAlchemy созданы.
[2025-05-28 02:23:42] ✅ Таблица users создана вручную (fallback).
[2025-05-28 02:23:42] ✅ Все таблицы SQLAlchemy созданы.
[2025-05-28 02:27:30] ✅ Все таблицы SQLAlchemy созданы.
[2025-05-28 02:27:30] ✅ Таблица users создана вручную (fallback).
[2025-05-28 02:27:30] ✅ Все таблицы SQLAlchemy созданы.
[2025-05-28 02:31:44] ✅ Все таблицы SQLAlchemy созданы.
[2025-05-28 02:31:44] ✅ Таблица users создана вручную (fallback).
[2025-05-28 02:31:44] ✅ Все таблицы SQLAlchemy созданы.
[2025-05-28 13:51:02] ✅ Все таблицы SQLAlchemy созданы.
[2025-05-28 13:51:02] ✅ Таблица users создана вручную (fallback).
[2025-05-28 13:51:02] ✅ Все таблицы SQLAlchemy созданы.
[2025-05-28 16:56:12] ✅ Все таблицы SQLAlchemy созданы.
[2025-05-28 16:56:12] ✅ Таблица users создана вручную (fallback).
[2025-05-28 16:56:12] ✅ Все таблицы SQLAlchemy созданы.
[2025-05-28 17:17:37] ✅ Все таблицы SQLAlchemy созданы.
[2025-05-28 17:17:37] ✅ Таблица users создана вручную (fallback).
[2025-05-28 17:17:37] ✅ Все таблицы SQLAlchemy созданы.
[2025-05-28 17:23:00] ✅ Все таблицы SQLAlchemy созданы.
[2025-05-28 17:23:00] ✅ Таблица users создана вручную (fallback).
[2025-05-28 17:23:00] ✅ Все таблицы SQLAlchemy созданы.
[2025-05-28 17:29:32] ✅ Все таблицы SQLAlchemy созданы.
[2025-05-28 17:29:32] ✅ Таблица users создана вручную (fallback).
[2025-05-28 17:29:32] ✅ Все таблицы SQLAlchemy созданы.
[2025-05-28 17:32:56] ✅ Все таблицы SQLAlchemy созданы.
[2025-05-28 17:32:56] ✅ Таблица users создана вручную (fallback).
[2025-05-28 17:32:56] ✅ Все таблицы SQLAlchemy созданы.
[2025-05-28 18:04:54] ✅ Все таблицы SQLAlchemy созданы.
[2025-05-28 18:04:54] ✅ Таблица users создана вручную (fallback).
[2025-05-28 18:04:54] ✅ Все таблицы SQLAlchemy созданы.
[2025-05-28 18:27:52] ✅ Все таблицы SQLAlchemy созданы.
[2025-05-28 18:27:52] ✅ Таблица users создана вручную (fallback).
[2025-05-28 18:27:52] ✅ Все таблицы SQLAlchemy созданы.
[2025-05-28 18:42:13] ✅ Все таблицы SQLAlchemy созданы.
[2025-05-28 18:42:13] ✅ Таблица users создана вручную (fallback).
[2025-05-28 18:42:13] ✅ Все таблицы SQLAlchemy созданы.
[2025-05-28 18:43:27] ✅ Все таблицы SQLAlchemy созданы.
[2025-05-28 18:43:27] ✅ Таблица users создана вручную (fallback).
[2025-05-28 18:43:27] ✅ Все таблицы SQLAlchemy созданы.
[2025-05-28 18:57:16] ✅ Все таблицы SQLAlchemy созданы.
[2025-05-28 18:57:16] ✅ Таблица users создана вручную (fallback).
[2025-05-28 18:57:16] ✅ Все таблицы SQLAlchemy созданы.
[2025-05-28 18:58:38] ✅ Все таблицы SQLAlchemy созданы.
[2025-05-28 18:58:38] ✅ Таблица users создана вручную (fallback).
[2025-05-28 18:58:38] ✅ Все таблицы SQLAlchemy созданы.
[2025-05-28 19:00:58] ✅ Все таблицы SQLAlchemy созданы.
[2025-05-28 19:00:58] ✅ Таблица users создана вручную (fallback).
[2025-05-28 19:00:58] ✅ Все таблицы SQLAlchemy созданы.
[2025-05-28 19:11:41] ✅ Все таблицы SQLAlchemy созданы.
[2025-05-28 19:11:41] ✅ Таблица users создана вручную (fallback).
[2025-05-28 19:11:41] ✅ Все таблицы SQLAlchemy созданы.
[2025-05-28 20:02:19] ✅ Все таблицы SQLAlchemy созданы.
[2025-05-28 20:02:19] ✅ Таблица users создана вручную (fallback).
[2025-05-28 20:02:19] ✅ Все таблицы SQLAlchemy созданы.
[2025-05-28 20:18:36] ✅ Все таблицы SQLAlchemy созданы.
[2025-05-28 20:18:36] ✅ Таблица users создана вручную (fallback).
[2025-05-28 20:18:36] ✅ Все таблицы SQLAlchemy созданы.
[2025-05-28 20:28:52] ✅ Все таблицы SQLAlchemy созданы.
[2025-05-28 20:28:52] ✅ Таблица users создана вручную (fallback).
[2025-05-28 20:28:52] ✅ Все таблицы SQLAlchemy созданы.
[2025-05-28 20:44:32] ✅ Все таблицы SQLAlchemy созданы.
[2025-05-28 20:44:32] ✅ Таблица users создана вручную (fallback).
[2025-05-28 20:44:32] ✅ Все таблицы SQLAlchemy созданы.
[2025-05-28 20:45:25] ✅ Все таблицы SQLAlchemy созданы.
[2025-05-28 20:45:25] ✅ Таблица users создана вручную (fallback).
[2025-05-28 20:45:25] ✅ Все таблицы SQLAlchemy созданы.
[2025-05-28 21:26:46] ✅ Все таблицы SQLAlchemy созданы.
[2025-05-28 21:26:46] ✅ Таблица users создана вручную (fallback).
[2025-05-28 21:26:46] ✅ Все таблицы SQLAlchemy созданы.
[2025-05-28 21:32:57] ✅ Все таблицы SQLAlchemy созданы.
[2025-05-28 21:32:57] ✅ Таблица users создана вручную (fallback).
[2025-05-28 21:32:57] ✅ Все таблицы SQLAlchemy созданы.
[2025-05-28 21:34:11] ✅ Все таблицы SQLAlchemy созданы.
[2025-05-28 21:34:11] ✅ Таблица users создана вручную (fallback).
[2025-05-28 21:34:11] ✅ Все таблицы SQLAlchemy созданы.
[2025-05-28 21:40:26] ✅ Все таблицы SQLAlchemy созданы.
[2025-05-28 21:40:26] ✅ Таблица users создана вручную (fallback).
[2025-05-28 21:40:26] ✅ Все таблицы SQLAlchemy созданы.
[2025-05-28 21:42:53] ✅ Все таблицы SQLAlchemy созданы.
[2025-05-28 21:42:53] ✅ Таблица users создана вручную (fallback).
[2025-05-28 21:42:53] ✅ Все таблицы SQLAlchemy созданы.
[2025-05-28 21:45:25] ✅ Все таблицы SQLAlchemy созданы.
[2025-05-28 21:45:25] ✅ Таблица users создана вручную (fallback).
[2025-05-28 21:45:25] ✅ Все таблицы SQLAlchemy созданы.
[2025-05-28 21:55:14] ✅ Все таблицы SQLAlchemy созданы.
[2025-05-28 21:55:14] ✅ Таблица users создана вручную (fallback).
[2025-05-28 21:55:14] ✅ Все таблицы SQLAlchemy созданы.
[2025-05-28 21:55:48] ✅ Все таблицы SQLAlchemy созданы.
[2025-05-28 21:55:48] ✅ Таблица users создана вручную (fallback).
[2025-05-28 21:55:48] ✅ Все таблицы SQLAlchemy созданы.
[2025-05-28 23:02:58] ✅ Все таблицы SQLAlchemy созданы.
[2025-05-28 23:02:58] ✅ Таблица users создана вручную (fallback).
[2025-05-28 23:02:58] ✅ Все таблицы SQLAlchemy созданы.
[2025-05-28 23:31:30] ✅ Все таблицы SQLAlchemy созданы.
[2025-05-28 23:31:30] ✅ Таблица users создана вручную (fallback).
[2025-05-28 23:31:30] ✅ Все таблицы SQLAlchemy созданы.
[2025-05-28 23:37:32] ✅ Все таблицы SQLAlchemy созданы.
[2025-05-28 23:37:32] ✅ Таблица users создана вручную (fallback).
[2025-05-28 23:37:32] ✅ Все таблицы SQLAlchemy созданы.
[2025-05-28 23:51:28] ✅ Все таблицы SQLAlchemy созданы.
[2025-05-28 23:51:28] ✅ Таблица users создана вручную (fallback).
[2025-05-28 23:51:28] ✅ Все таблицы SQLAlchemy созданы.
[2025-05-28 23:53:20] ✅ Все таблицы SQLAlchemy созданы.
[2025-05-28 23:53:20] ✅ Таблица users создана вручную (fallback).
[2025-05-28 23:53:20] ✅ Все таблицы SQLAlchemy созданы.
[2025-05-28 23:55:51] ✅ Все таблицы SQLAlchemy созданы.
[2025-05-28 23:55:51] ✅ Таблица users создана вручную (fallback).
[2025-05-28 23:55:51] ✅ Все таблицы SQLAlchemy созданы.
[2025-05-29 20:17:07] ✅ Все таблицы SQLAlchemy созданы.
[2025-05-29 20:17:08] ✅ Таблица users создана вручную (fallback).
[2025-05-29 20:17:08] ✅ Все таблицы SQLAlchemy созданы.
[2025-05-29 20:25:18] ✅ Все таблицы SQLAlchemy созданы.
[2025-05-29 20:25:18] ✅ Таблица users создана вручную (fallback).
[2025-05-29 20:25:18] ✅ Все таблицы SQLAlchemy созданы.
[2025-05-29 20:40:10] ✅ Все таблицы SQLAlchemy созданы.
[2025-05-29 20:40:10] ✅ Таблица users создана вручную (fallback).
[2025-05-29 20:40:10] ✅ Все таблицы SQLAlchemy созданы.
[2025-05-29 23:02:21] ✅ Все таблицы SQLAlchemy созданы.
[2025-05-29 23:02:21] ✅ Таблица users создана вручную (fallback).
[2025-05-29 23:02:21] ✅ Все таблицы SQLAlchemy созданы.
[2025-05-29 23:05:57] ✅ Все таблицы SQLAlchemy созданы.
[2025-05-29 23:05:57] ✅ Таблица users создана вручную (fallback).
[2025-05-29 23:05:57] ✅ Все таблицы SQLAlchemy созданы.
[2025-05-29 23:13:26] ✅ Все таблицы SQLAlchemy созданы.
[2025-05-29 23:13:26] ✅ Таблица users создана вручную (fallback).
[2025-05-29 23:13:26] ✅ Все таблицы SQLAlchemy созданы.
[2025-05-29 23:16:52] ✅ Все таблицы SQLAlchemy созданы.
[2025-05-29 23:16:52] ✅ Таблица users создана вручную (fallback).
[2025-05-29 23:16:52] ✅ Все таблицы SQLAlchemy созданы.
[2025-05-29 23:17:45] ✅ Все таблицы SQLAlchemy созданы.
[2025-05-29 23:17:45] ✅ Таблица users создана вручную (fallback).
[2025-05-29 23:17:45] ✅ Все таблицы SQLAlchemy созданы.
[2025-05-29 23:21:40] ✅ Все таблицы SQLAlchemy созданы.
[2025-05-29 23:21:40] ✅ Таблица users создана вручную (fallback).
[2025-05-29 23:21:40] ✅ Все таблицы SQLAlchemy созданы.
[2025-05-29 23:24:11] ✅ Все таблицы SQLAlchemy созданы.
[2025-05-29 23:24:11] ✅ Таблица users создана вручную (fallback).
[2025-05-29 23:24:12] ✅ Все таблицы SQLAlchemy созданы.
[2025-05-29 23:31:01] ✅ Все таблицы SQLAlchemy созданы.
[2025-05-29 23:31:01] ✅ Таблица users создана вручную (fallback).
[2025-05-29 23:31:01] ✅ Все таблицы SQLAlchemy созданы.
[2025-05-29 23:35:51] ✅ Все таблицы SQLAlchemy созданы.
[2025-05-29 23:35:51] ✅ Таблица users создана вручную (fallback).
[2025-05-29 23:35:51] ✅ Все таблицы SQLAlchemy созданы.
[2025-05-29 23:40:31] ✅ Все таблицы SQLAlchemy созданы.
[2025-05-29 23:40:31] ✅ Таблица users создана вручную (fallback).
[2025-05-29 23:40:31] ✅ Все таблицы SQLAlchemy созданы.
[2025-05-29 23:49:28] ✅ Все таблицы SQLAlchemy созданы.
[2025-05-29 23:49:28] ✅ Таблица users создана вручную (fallback).
[2025-05-29 23:49:28] ✅ Все таблицы SQLAlchemy созданы.
[2025-05-29 23:58:38] ✅ Все таблицы SQLAlchemy созданы.
[2025-05-29 23:58:38] ✅ Таблица users создана вручную (fallback).
[2025-05-29 23:58:38] ✅ Все таблицы SQLAlchemy созданы.
[2025-05-30 00:02:53] ✅ Все таблицы SQLAlchemy созданы.
[2025-05-30 00:02:53] ✅ Таблица users создана вручную (fallback).
[2025-05-30 00:02:53] ✅ Все таблицы SQLAlchemy созданы.
[2025-05-30 00:09:44] ✅ Все таблицы SQLAlchemy созданы.
[2025-05-30 00:09:44] ✅ Таблица users создана вручную (fallback).
[2025-05-30 00:09:44] ✅ Все таблицы SQLAlchemy созданы.
[2025-05-30 00:11:52] ✅ Все таблицы SQLAlchemy созданы.
[2025-05-30 00:11:52] ✅ Таблица users создана вручную (fallback).
[2025-05-30 00:11:52] ✅ Все таблицы SQLAlchemy созданы.
[2025-05-30 00:13:42] ✅ Все таблицы SQLAlchemy созданы.
[2025-05-30 00:13:42] ✅ Таблица users создана вручную (fallback).
[2025-05-30 00:13:42] ✅ Все таблицы SQLAlchemy созданы.
[2025-05-30 00:20:46] ✅ Все таблицы SQLAlchemy созданы.
[2025-05-30 00:20:46] ✅ Таблица users создана вручную (fallback).
[2025-05-30 00:20:46] ✅ Все таблицы SQLAlchemy созданы.
[2025-05-30 00:21:31] ✅ Все таблицы SQLAlchemy созданы.
[2025-05-30 00:21:31] ✅ Таблица users создана вручную (fallback).
[2025-05-30 00:21:31] ✅ Все таблицы SQLAlchemy созданы.
[2025-05-30 00:22:19] ✅ Все таблицы SQLAlchemy созданы.
[2025-05-30 00:22:19] ✅ Таблица users создана вручную (fallback).
[2025-05-30 00:22:19] ✅ Все таблицы SQLAlchemy созданы.
[2025-05-30 00:23:18] ✅ Все таблицы SQLAlchemy созданы.
[2025-05-30 00:23:18] ✅ Таблица users создана вручную (fallback).
[2025-05-30 00:23:18] ✅ Все таблицы SQLAlchemy созданы.
[2025-05-30 00:23:30] ✅ Все таблицы SQLAlchemy созданы.
[2025-05-30 00:23:30] ✅ Таблица users создана вручную (fallback).
[2025-05-30 00:23:30] ✅ Все таблицы SQLAlchemy созданы.
[2025-05-30 00:24:54] ✅ Все таблицы SQLAlchemy созданы.
[2025-05-30 00:24:54] ✅ Таблица users создана вручную (fallback).
[2025-05-30 00:24:54] ✅ Все таблицы SQLAlchemy созданы.
[2025-05-30 00:25:09] ✅ Все таблицы SQLAlchemy созданы.
[2025-05-30 00:25:09] ✅ Таблица users создана вручную (fallback).
[2025-05-30 00:25:09] ✅ Все таблицы SQLAlchemy созданы.
[2025-05-30 00:25:29] ✅ Все таблицы SQLAlchemy созданы.
[2025-05-30 00:25:29] ✅ Таблица users создана вручную (fallback).
[2025-05-30 00:25:29] ✅ Все таблицы SQLAlchemy созданы.
[2025-05-30 00:25:49] ✅ Все таблицы SQLAlchemy созданы.
[2025-05-30 00:25:49] ✅ Таблица users создана вручную (fallback).
[2025-05-30 00:25:49] ✅ Все таблицы SQLAlchemy созданы.
[2025-05-30 00:26:02] ✅ Все таблицы SQLAlchemy созданы.
[2025-05-30 00:26:02] ✅ Таблица users создана вручную (fallback).
[2025-05-30 00:26:02] ✅ Все таблицы SQLAlchemy созданы.
[2025-05-30 00:26:19] ✅ Все таблицы SQLAlchemy созданы.
[2025-05-30 00:26:19] ✅ Таблица users создана вручную (fallback).
[2025-05-30 00:26:19] ✅ Все таблицы SQLAlchemy созданы.
[2025-05-30 00:26:33] ✅ Все таблицы SQLAlchemy созданы.
[2025-05-30 00:26:33] ✅ Таблица users создана вручную (fallback).
[2025-05-30 00:26:33] ✅ Все таблицы SQLAlchemy созданы.
[2025-05-30 00:38:00] ✅ Все таблицы SQLAlchemy созданы.
[2025-05-30 00:38:00] ✅ Таблица users создана вручную (fallback).
[2025-05-30 00:38:00] ✅ Все таблицы SQLAlchemy созданы.
[2025-05-30 00:42:18] ✅ Все таблицы SQLAlchemy созданы.
[2025-05-30 00:42:18] ✅ Таблица users создана вручную (fallback).
[2025-05-30 00:42:18] ✅ Все таблицы SQLAlchemy созданы.
[2025-05-30 00:43:43] ✅ Все таблицы SQLAlchemy созданы.
[2025-05-30 00:43:43] ✅ Таблица users создана вручную (fallback).
[2025-05-30 00:43:43] ✅ Все таблицы SQLAlchemy созданы.
[2025-05-30 00:45:47] ✅ Все таблицы SQLAlchemy созданы.
[2025-05-30 00:45:47] ✅ Таблица users создана вручную (fallback).
[2025-05-30 00:45:47] ✅ Все таблицы SQLAlchemy созданы.
[2025-05-30 01:19:53] ✅ Все таблицы SQLAlchemy созданы.
[2025-05-30 01:19:53] ✅ Таблица users создана вручную (fallback).
[2025-05-30 01:19:53] ✅ Все таблицы SQLAlchemy созданы.
[2025-05-30 01:20:21] ✅ Все таблицы SQLAlchemy созданы.
[2025-05-30 01:20:21] ✅ Таблица users создана вручную (fallback).
[2025-05-30 01:20:21] ✅ Все таблицы SQLAlchemy созданы.
[2025-05-30 01:20:42] ✅ Все таблицы SQLAlchemy созданы.
[2025-05-30 01:20:42] ✅ Таблица users создана вручную (fallback).
[2025-05-30 01:20:42] ✅ Все таблицы SQLAlchemy созданы.
[2025-05-30 01:21:07] ✅ Все таблицы SQLAlchemy созданы.
[2025-05-30 01:21:07] ✅ Таблица users создана вручную (fallback).
[2025-05-30 01:21:07] ✅ Все таблицы SQLAlchemy созданы.
[2025-05-30 01:21:26] ✅ Все таблицы SQLAlchemy созданы.
[2025-05-30 01:21:26] ✅ Таблица users создана вручную (fallback).
[2025-05-30 01:21:26] ✅ Все таблицы SQLAlchemy созданы.
[2025-05-30 01:22:15] ✅ Все таблицы SQLAlchemy созданы.
[2025-05-30 01:22:15] ✅ Таблица users создана вручную (fallback).
[2025-05-30 01:22:15] ✅ Все таблицы SQLAlchemy созданы.
[2025-05-30 01:26:09] ✅ Все таблицы SQLAlchemy созданы.
[2025-05-30 01:26:09] ✅ Таблица users создана вручную (fallback).
[2025-05-30 01:26:09] ✅ Все таблицы SQLAlchemy созданы.
[2025-05-30 01:28:20] ✅ Все таблицы SQLAlchemy созданы.
[2025-05-30 01:28:20] ✅ Таблица users создана вручную (fallback).
[2025-05-30 01:28:20] ✅ Все таблицы SQLAlchemy созданы.
[2025-05-30 01:33:42] ✅ Все таблицы SQLAlchemy созданы.
[2025-05-30 01:33:42] ✅ Таблица users создана вручную (fallback).
[2025-05-30 01:33:42] ✅ Все таблицы SQLAlchemy созданы.
[2025-05-30 01:37:06] ✅ Все таблицы SQLAlchemy созданы.
[2025-05-30 01:37:06] ✅ Таблица users создана вручную (fallback).
[2025-05-30 01:37:06] ✅ Все таблицы SQLAlchemy созданы.
[2025-05-30 01:47:14] ✅ Все таблицы SQLAlchemy созданы.
[2025-05-30 01:47:14] ✅ Таблица users создана вручную (fallback).
[2025-05-30 01:47:14] ✅ Все таблицы SQLAlchemy созданы.
[2025-05-30 01:56:18] ✅ Все таблицы SQLAlchemy созданы.
[2025-05-30 01:56:18] ✅ Таблица users создана вручную (fallback).
[2025-05-30 01:56:18] ✅ Все таблицы SQLAlchemy созданы.
[2025-05-30 01:57:07] ✅ Все таблицы SQLAlchemy созданы.
[2025-05-30 01:57:07] ✅ Таблица users создана вручную (fallback).
[2025-05-30 01:57:07] ✅ Все таблицы SQLAlchemy созданы.
[2025-05-30 02:00:12] ✅ Все таблицы SQLAlchemy созданы.
[2025-05-30 02:00:12] ✅ Таблица users создана вручную (fallback).
[2025-05-30 02:00:12] ✅ Все таблицы SQLAlchemy созданы.
[2025-05-30 02:05:06] ✅ Все таблицы SQLAlchemy созданы.
[2025-05-30 02:05:06] ✅ Таблица users создана вручную (fallback).
[2025-05-30 02:05:06] ✅ Все таблицы SQLAlchemy созданы.
[2025-05-30 02:05:34] ✅ Все таблицы SQLAlchemy созданы.
[2025-05-30 02:05:34] ✅ Таблица users создана вручную (fallback).
[2025-05-30 02:05:34] ✅ Все таблицы SQLAlchemy созданы.
[2025-05-30 13:20:23] ✅ Все таблицы SQLAlchemy созданы.
[2025-05-30 13:20:23] ✅ Таблица users создана вручную (fallback).
[2025-05-30 13:20:23] ✅ Все таблицы SQLAlchemy созданы.
[2025-05-30 13:23:01] ✅ Все таблицы SQLAlchemy созданы.
[2025-05-30 13:23:01] ✅ Таблица users создана вручную (fallback).
[2025-05-30 13:23:01] ✅ Все таблицы SQLAlchemy созданы.
[2025-05-30 13:27:17] ✅ Все таблицы SQLAlchemy созданы.
[2025-05-30 13:27:17] ✅ Таблица users создана вручную (fallback).
[2025-05-30 13:27:17] ✅ Все таблицы SQLAlchemy созданы.
[2025-05-30 14:03:48] ✅ Все таблицы SQLAlchemy созданы.
[2025-05-30 14:03:48] ✅ Таблица users создана вручную (fallback).
[2025-05-30 14:03:48] ✅ Все таблицы SQLAlchemy созданы.
[2025-05-30 14:09:12] ✅ Все таблицы SQLAlchemy созданы.
[2025-05-30 14:09:12] ✅ Таблица users создана вручную (fallback).
[2025-05-30 14:09:12] ✅ Все таблицы SQLAlchemy созданы.
[2025-05-30 14:12:00] ✅ Все таблицы SQLAlchemy созданы.
[2025-05-30 14:12:00] ✅ Таблица users создана вручную (fallback).
[2025-05-30 14:12:00] ✅ Все таблицы SQLAlchemy созданы.
[2025-05-30 14:14:41] ✅ Все таблицы SQLAlchemy созданы.
[2025-05-30 14:14:41] ✅ Таблица users создана вручную (fallback).
[2025-05-30 14:14:41] ✅ Все таблицы SQLAlchemy созданы.
[2025-05-30 14:15:24] ✅ Все таблицы SQLAlchemy созданы.
[2025-05-30 14:15:24] ✅ Таблица users создана вручную (fallback).
[2025-05-30 14:15:24] ✅ Все таблицы SQLAlchemy созданы.
[2025-05-30 14:17:22] ✅ Все таблицы SQLAlchemy созданы.
[2025-05-30 14:17:22] ✅ Таблица users создана вручную (fallback).
[2025-05-30 14:17:22] ✅ Все таблицы SQLAlchemy созданы.
[2025-05-30 14:22:30] ✅ Все таблицы SQLAlchemy созданы.
[2025-05-30 14:22:30] ✅ Таблица users создана вручную (fallback).
[2025-05-30 14:22:30] ✅ Все таблицы SQLAlchemy созданы.
[2025-05-30 14:25:50] ✅ Все таблицы SQLAlchemy созданы.
[2025-05-30 14:25:50] ✅ Таблица users создана вручную (fallback).
[2025-05-30 14:25:50] ✅ Все таблицы SQLAlchemy созданы.
[2025-05-30 14:28:45] ✅ Все таблицы SQLAlchemy созданы.
[2025-05-30 14:28:45] ✅ Таблица users создана вручную (fallback).
[2025-05-30 14:28:45] ✅ Все таблицы SQLAlchemy созданы.
[2025-05-30 14:30:02] ✅ Все таблицы SQLAlchemy созданы.
[2025-05-30 14:30:02] ✅ Таблица users создана вручную (fallback).
[2025-05-30 14:30:02] ✅ Все таблицы SQLAlchemy созданы.
[2025-05-30 14:33:05] ✅ Все таблицы SQLAlchemy созданы.
[2025-05-30 14:33:05] ✅ Таблица users создана вручную (fallback).
[2025-05-30 14:33:05] ✅ Все таблицы SQLAlchemy созданы.
[2025-05-30 14:41:44] ✅ Все таблицы SQLAlchemy созданы.
[2025-05-30 14:41:44] ✅ Таблица users создана вручную (fallback).
[2025-05-30 14:41:44] ✅ Все таблицы SQLAlchemy созданы.
[2025-05-30 14:47:19] ✅ Все таблицы SQLAlchemy созданы.
[2025-05-30 14:47:19] ✅ Таблица users создана вручную (fallback).
[2025-05-30 14:47:19] ✅ Все таблицы SQLAlchemy созданы.
[2025-05-30 15:03:13] ✅ Все таблицы SQLAlchemy созданы.
[2025-05-30 15:03:13] ✅ Таблица users создана вручную (fallback).
[2025-05-30 15:03:13] ✅ Все таблицы SQLAlchemy созданы.
[2025-05-30 15:07:47] ✅ Все таблицы SQLAlchemy созданы.
[2025-05-30 15:07:47] ✅ Таблица users создана вручную (fallback).
[2025-05-30 15:07:47] ✅ Все таблицы SQLAlchemy созданы.
[2025-05-30 15:08:16] ✅ Все таблицы SQLAlchemy созданы.
[2025-05-30 15:08:16] ✅ Таблица users создана вручную (fallback).
[2025-05-30 15:08:16] ✅ Все таблицы SQLAlchemy созданы.
[2025-05-30 15:41:29] ✅ Все таблицы SQLAlchemy созданы.
[2025-05-30 15:41:29] ✅ Таблица users создана вручную (fallback).
[2025-05-30 15:41:29] ✅ Все таблицы SQLAlchemy созданы.
[2025-05-30 15:45:36] ✅ Все таблицы SQLAlchemy созданы.
[2025-05-30 15:45:36] ✅ Таблица users создана вручную (fallback).
[2025-05-30 15:45:36] ✅ Все таблицы SQLAlchemy созданы.
[2025-05-30 15:47:57] ✅ Все таблицы SQLAlchemy созданы.
[2025-05-30 15:47:57] ✅ Таблица users создана вручную (fallback).
[2025-05-30 15:47:57] ✅ Все таблицы SQLAlchemy созданы.
[2025-05-30 15:57:15] ✅ Все таблицы SQLAlchemy созданы.
[2025-05-30 15:57:15] ✅ Таблица users создана вручную (fallback).
[2025-05-30 15:57:15] ✅ Все таблицы SQLAlchemy созданы.
[2025-05-30 16:15:58] ✅ Все таблицы SQLAlchemy созданы.
[2025-05-30 16:15:58] ✅ Таблица users создана вручную (fallback).
[2025-05-30 16:15:58] ✅ Все таблицы SQLAlchemy созданы.
[2025-05-30 16:18:22] ✅ Все таблицы SQLAlchemy созданы.
[2025-05-30 16:18:22] ✅ Таблица users создана вручную (fallback).
[2025-05-30 16:18:22] ✅ Все таблицы SQLAlchemy созданы.
[2025-05-30 16:29:35] ✅ Все таблицы SQLAlchemy созданы.
[2025-05-30 16:29:35] ✅ Таблица users создана вручную (fallback).
[2025-05-30 16:29:35] ✅ Все таблицы SQLAlchemy созданы.
[2025-05-30 16:31:26] ✅ Все таблицы SQLAlchemy созданы.
[2025-05-30 16:31:26] ✅ Таблица users создана вручную (fallback).
[2025-05-30 16:31:26] ✅ Все таблицы SQLAlchemy созданы.
[2025-05-30 17:50:27] ✅ Все таблицы SQLAlchemy созданы.
[2025-05-30 17:50:27] ✅ Таблица users создана вручную (fallback).
[2025-05-30 17:50:27] ✅ Все таблицы SQLAlchemy созданы.
[2025-05-30 23:26:31] ✅ Все таблицы SQLAlchemy созданы.
[2025-05-30 23:26:31] ✅ Таблица users создана вручную (fallback).
[2025-05-30 23:26:31] ✅ Все таблицы SQLAlchemy созданы.
[2025-05-30 23:42:41] ✅ Все таблицы SQLAlchemy созданы.
[2025-05-30 23:42:41] ✅ Таблица users создана вручную (fallback).
[2025-05-30 23:42:41] ✅ Все таблицы SQLAlchemy созданы.
[2025-05-30 23:48:38] ✅ Все таблицы SQLAlchemy созданы.
[2025-05-30 23:48:38] ✅ Таблица users создана вручную (fallback).
[2025-05-30 23:48:38] ✅ Все таблицы SQLAlchemy созданы.
[2025-05-30 23:50:02] ✅ Все таблицы SQLAlchemy созданы.
[2025-05-30 23:50:02] ✅ Таблица users создана вручную (fallback).
[2025-05-30 23:50:02] ✅ Все таблицы SQLAlchemy созданы.
[2025-05-30 23:57:57] ✅ Все таблицы SQLAlchemy созданы.
[2025-05-30 23:57:57] ✅ Таблица users создана вручную (fallback).
[2025-05-30 23:57:57] ✅ Все таблицы SQLAlchemy созданы.
[2025-05-31 00:01:45] ✅ Все таблицы SQLAlchemy созданы.
[2025-05-31 00:01:45] ✅ Таблица users создана вручную (fallback).
[2025-05-31 00:01:45] ✅ Все таблицы SQLAlchemy созданы.
[2025-05-31 00:07:16] ✅ Все таблицы SQLAlchemy созданы.
[2025-05-31 00:07:16] ✅ Таблица users создана вручную (fallback).
[2025-05-31 00:07:16] ✅ Все таблицы SQLAlchemy созданы.
[2025-05-31 00:43:34] ✅ Все таблицы SQLAlchemy созданы.
[2025-05-31 00:43:34] ✅ Таблица users создана вручную (fallback).
[2025-05-31 00:43:34] ✅ Все таблицы SQLAlchemy созданы.
[2025-05-31 00:59:04] ✅ Все таблицы SQLAlchemy созданы.
[2025-05-31 00:59:04] ✅ Таблица users создана вручную (fallback).
[2025-05-31 00:59:04] ✅ Все таблицы SQLAlchemy созданы.
[2025-05-31 01:02:00] ✅ Все таблицы SQLAlchemy созданы.
[2025-05-31 01:02:00] ✅ Таблица users создана вручную (fallback).
[2025-05-31 01:02:00] ✅ Все таблицы SQLAlchemy созданы.
[2025-05-31 01:03:42] ✅ Все таблицы SQLAlchemy созданы.
[2025-05-31 01:03:42] ✅ Таблица users создана вручную (fallback).
[2025-05-31 01:03:42] ✅ Все таблицы SQLAlchemy созданы.
[2025-05-31 01:09:29] ✅ Все таблицы SQLAlchemy созданы.
[2025-05-31 01:09:29] ✅ Таблица users создана вручную (fallback).
[2025-05-31 01:09:29] ✅ Все таблицы SQLAlchemy созданы.
[2025-05-31 01:11:17] ✅ Все таблицы SQLAlchemy созданы.
[2025-05-31 01:11:17] ✅ Таблица users создана вручную (fallback).
[2025-05-31 01:11:17] ✅ Все таблицы SQLAlchemy созданы.
[2025-05-31 01:12:28] ✅ Все таблицы SQLAlchemy созданы.
[2025-05-31 01:12:28] ✅ Таблица users создана вручную (fallback).
[2025-05-31 01:12:28] ✅ Все таблицы SQLAlchemy созданы.
[2025-05-31 02:04:34] ✅ Все таблицы SQLAlchemy созданы.
[2025-05-31 02:04:34] ✅ Таблица users создана вручную (fallback).
[2025-05-31 02:04:34] ✅ Все таблицы SQLAlchemy созданы.
[2025-05-31 02:15:03] ✅ Все таблицы SQLAlchemy созданы.
[2025-05-31 02:15:03] ✅ Таблица users создана вручную (fallback).
[2025-05-31 02:15:03] ✅ Все таблицы SQLAlchemy созданы.
[2025-05-31 02:24:18] ✅ Все таблицы SQLAlchemy созданы.
[2025-05-31 02:24:18] ✅ Таблица users создана вручную (fallback).
[2025-05-31 02:24:18] ✅ Все таблицы SQLAlchemy созданы.
[2025-05-31 02:28:02] ✅ Все таблицы SQLAlchemy созданы.
[2025-05-31 02:28:02] ✅ Таблица users создана вручную (fallback).
[2025-05-31 02:28:02] ✅ Все таблицы SQLAlchemy созданы.
[2025-05-31 02:30:33] ✅ Все таблицы SQLAlchemy созданы.
[2025-05-31 02:30:33] ✅ Таблица users создана вручную (fallback).
[2025-05-31 02:30:33] ✅ Все таблицы SQLAlchemy созданы.
[2025-05-31 02:39:00] ✅ Все таблицы SQLAlchemy созданы.
[2025-05-31 02:39:00] ✅ Таблица users создана вручную (fallback).
[2025-05-31 02:39:00] ✅ Все таблицы SQLAlchemy созданы.
[2025-05-31 12:16:43] ✅ Все таблицы SQLAlchemy созданы.
[2025-05-31 12:16:43] ✅ Таблица users создана вручную (fallback).
[2025-05-31 12:16:43] ✅ Все таблицы SQLAlchemy созданы.
[2025-05-31 12:35:48] ✅ Все таблицы SQLAlchemy созданы.
[2025-05-31 12:35:48] ✅ Таблица users создана вручную (fallback).
[2025-05-31 12:35:48] ✅ Все таблицы SQLAlchemy созданы.
[2025-05-31 13:17:36] ✅ Все таблицы SQLAlchemy созданы.
[2025-05-31 13:17:36] ✅ Таблица users создана вручную (fallback).
[2025-05-31 13:17:36] ✅ Все таблицы SQLAlchemy созданы.
[2025-05-31 15:42:28] ✅ Все таблицы SQLAlchemy созданы.
[2025-05-31 15:42:28] ✅ Таблица users создана вручную (fallback).
[2025-05-31 15:42:28] ✅ Все таблицы SQLAlchemy созданы.
[2025-05-31 17:21:56] ✅ Все таблицы SQLAlchemy созданы.
[2025-05-31 17:21:56] ✅ Таблица users создана вручную (fallback).
[2025-05-31 17:21:56] ✅ Все таблицы SQLAlchemy созданы.
[2025-05-31 17:26:57] ✅ Все таблицы SQLAlchemy созданы.
[2025-05-31 17:26:57] ✅ Таблица users создана вручную (fallback).
[2025-05-31 17:26:57] ✅ Все таблицы SQLAlchemy созданы.
[2025-05-31 18:25:49] ✅ Все таблицы SQLAlchemy созданы.
[2025-05-31 18:25:49] ✅ Таблица users создана вручную (fallback).
[2025-05-31 18:25:49] ✅ Все таблицы SQLAlchemy созданы.
[2025-05-31 18:27:13] ✅ Все таблицы SQLAlchemy созданы.
[2025-05-31 18:27:13] ✅ Таблица users создана вручную (fallback).
[2025-05-31 18:27:13] ✅ Все таблицы SQLAlchemy созданы.
[2025-05-31 18:32:13] ✅ Все таблицы SQLAlchemy созданы.
[2025-05-31 18:32:13] ✅ Таблица users создана вручную (fallback).
[2025-05-31 18:32:13] ✅ Все таблицы SQLAlchemy созданы.
[2025-05-31 18:33:04] ✅ Все таблицы SQLAlchemy созданы.
[2025-05-31 18:33:04] ✅ Таблица users создана вручную (fallback).
[2025-05-31 18:33:04] ✅ Все таблицы SQLAlchemy созданы.
[2025-05-31 18:40:11] ✅ Все таблицы SQLAlchemy созданы.
[2025-05-31 18:40:12] ✅ Таблица users создана вручную (fallback).
[2025-05-31 18:40:12] ✅ Все таблицы SQLAlchemy созданы.
[2025-05-31 18:41:52] ✅ Все таблицы SQLAlchemy созданы.
[2025-05-31 18:41:52] ✅ Таблица users создана вручную (fallback).
[2025-05-31 18:41:52] ✅ Все таблицы SQLAlchemy созданы.
[2025-05-31 19:06:20] ✅ Все таблицы SQLAlchemy созданы.
[2025-05-31 19:06:20] ✅ Таблица users создана вручную (fallback).
[2025-05-31 19:06:20] ✅ Все таблицы SQLAlchemy созданы.
[2025-05-31 19:08:45] ✅ Все таблицы SQLAlchemy созданы.
[2025-05-31 19:08:45] ✅ Таблица users создана вручную (fallback).
[2025-05-31 19:08:45] ✅ Все таблицы SQLAlchemy созданы.
[2025-05-31 19:34:53] ✅ Все таблицы SQLAlchemy созданы.
[2025-05-31 19:34:53] ✅ Таблица users создана вручную (fallback).
[2025-05-31 19:34:53] ✅ Все таблицы SQLAlchemy созданы.
[2025-05-31 19:45:44] ✅ Все таблицы SQLAlchemy созданы.
[2025-05-31 19:45:44] ✅ Таблица users создана вручную (fallback).
[2025-05-31 19:45:44] ✅ Все таблицы SQLAlchemy созданы.
[2025-05-31 19:50:50] ✅ Все таблицы SQLAlchemy созданы.
[2025-05-31 19:50:50] ✅ Таблица users создана вручную (fallback).
[2025-05-31 19:50:50] ✅ Все таблицы SQLAlchemy созданы.
[2025-05-31 20:20:59] ✅ Все таблицы SQLAlchemy созданы.
[2025-05-31 20:20:59] ✅ Таблица users создана вручную (fallback).
[2025-05-31 20:20:59] ✅ Все таблицы SQLAlchemy созданы.
[2025-05-31 20:23:22] ✅ Все таблицы SQLAlchemy созданы.
[2025-05-31 20:23:22] ✅ Таблица users создана вручную (fallback).
[2025-05-31 20:23:22] ✅ Все таблицы SQLAlchemy созданы.
[2025-05-31 20:55:33] ✅ Все таблицы SQLAlchemy созданы.
[2025-05-31 20:55:33] ✅ Таблица users создана вручную (fallback).
[2025-05-31 20:55:33] ✅ Все таблицы SQLAlchemy созданы.
[2025-05-31 23:24:23] ✅ Все таблицы SQLAlchemy созданы.
[2025-05-31 23:24:23] ✅ Таблица users создана вручную (fallback).
[2025-05-31 23:24:23] ✅ Все таблицы SQLAlchemy созданы.
[2025-05-31 23:27:29] ✅ Все таблицы SQLAlchemy созданы.
[2025-05-31 23:27:29] ✅ Таблица users создана вручную (fallback).
[2025-05-31 23:27:29] ✅ Все таблицы SQLAlchemy созданы.
[2025-05-31 23:38:29] ✅ Все таблицы SQLAlchemy созданы.
[2025-05-31 23:38:29] ✅ Таблица users создана вручную (fallback).
[2025-05-31 23:38:29] ✅ Все таблицы SQLAlchemy созданы.
[2025-05-31 23:43:41] ✅ Все таблицы SQLAlchemy созданы.
[2025-05-31 23:43:41] ✅ Таблица users создана вручную (fallback).
[2025-05-31 23:43:41] ✅ Все таблицы SQLAlchemy созданы.
[2025-05-31 23:45:09] ✅ Все таблицы SQLAlchemy созданы.
[2025-05-31 23:45:09] ✅ Таблица users создана вручную (fallback).
[2025-05-31 23:45:09] ✅ Все таблицы SQLAlchemy созданы.
[2025-05-31 23:45:58] ✅ Все таблицы SQLAlchemy созданы.
[2025-05-31 23:45:58] ✅ Таблица users создана вручную (fallback).
[2025-05-31 23:45:58] ✅ Все таблицы SQLAlchemy созданы.
[2025-06-01 00:36:07] ✅ Все таблицы SQLAlchemy созданы.
[2025-06-01 00:36:07] ✅ Таблица users создана вручную (fallback).
[2025-06-01 00:36:07] ✅ Все таблицы SQLAlchemy созданы.
[2025-06-01 00:50:49] ✅ Все таблицы SQLAlchemy созданы.
[2025-06-01 00:50:49] ✅ Таблица users создана вручную (fallback).
[2025-06-01 00:50:49] ✅ Все таблицы SQLAlchemy созданы.
[2025-06-01 00:53:34] ✅ Все таблицы SQLAlchemy созданы.
[2025-06-01 00:53:34] ✅ Таблица users создана вручную (fallback).
[2025-06-01 00:53:34] ✅ Все таблицы SQLAlchemy созданы.
[2025-06-01 01:01:49] ✅ Все таблицы SQLAlchemy созданы.
[2025-06-01 01:01:49] ✅ Таблица users создана вручную (fallback).
[2025-06-01 01:01:49] ✅ Все таблицы SQLAlchemy созданы.
[2025-06-01 01:08:41] ✅ Все таблицы SQLAlchemy созданы.
[2025-06-01 01:08:41] ✅ Таблица users создана вручную (fallback).
[2025-06-01 01:08:41] ✅ Все таблицы SQLAlchemy созданы.
[2025-06-01 01:16:14] ✅ Все таблицы SQLAlchemy созданы.
[2025-06-01 01:16:14] ✅ Таблица users создана вручную (fallback).
[2025-06-01 01:16:14] ✅ Все таблицы SQLAlchemy созданы.
[2025-06-01 01:19:00] ✅ Все таблицы SQLAlchemy созданы.
[2025-06-01 01:19:00] ✅ Таблица users создана вручную (fallback).
[2025-06-01 01:19:00] ✅ Все таблицы SQLAlchemy созданы.
[2025-06-01 02:17:52] ✅ Все таблицы SQLAlchemy созданы.
[2025-06-01 02:17:52] ✅ Таблица users создана вручную (fallback).
[2025-06-01 02:17:52] ✅ Все таблицы SQLAlchemy созданы.
[2025-06-01 02:20:26] ✅ Все таблицы SQLAlchemy созданы.
[2025-06-01 02:20:26] ✅ Таблица users создана вручную (fallback).
[2025-06-01 02:20:26] ✅ Все таблицы SQLAlchemy созданы.
[2025-06-01 02:27:51] ✅ Все таблицы SQLAlchemy созданы.
[2025-06-01 02:27:51] ✅ Таблица users создана вручную (fallback).
[2025-06-01 02:27:51] ✅ Все таблицы SQLAlchemy созданы.
[2025-06-01 02:29:58] ✅ Все таблицы SQLAlchemy созданы.
[2025-06-01 02:29:58] ✅ Таблица users создана вручную (fallback).
[2025-06-01 02:29:58] ✅ Все таблицы SQLAlchemy созданы.
[2025-06-01 12:54:07] ✅ Все таблицы SQLAlchemy созданы.
[2025-06-01 12:54:07] ✅ Таблица users создана вручную (fallback).
[2025-06-01 12:54:07] ✅ Все таблицы SQLAlchemy созданы.
[2025-06-01 13:29:55] ✅ Все таблицы SQLAlchemy созданы.
[2025-06-01 13:29:55] ✅ Таблица users создана вручную (fallback).
[2025-06-01 13:29:55] ✅ Все таблицы SQLAlchemy созданы.
[2025-06-01 13:31:25] ✅ Все таблицы SQLAlchemy созданы.
[2025-06-01 13:31:25] ✅ Таблица users создана вручную (fallback).
[2025-06-01 13:31:25] ✅ Все таблицы SQLAlchemy созданы.
[2025-06-01 13:45:54] ✅ Все таблицы SQLAlchemy созданы.
[2025-06-01 13:45:54] ✅ Таблица users создана вручную (fallback).
[2025-06-01 13:45:54] ✅ Все таблицы SQLAlchemy созданы.
[2025-06-01 14:11:35] ✅ Все таблицы SQLAlchemy созданы.
[2025-06-01 14:11:35] ✅ Таблица users создана вручную (fallback).
[2025-06-01 14:11:35] ✅ Все таблицы SQLAlchemy созданы.
[2025-06-01 14:16:46] ✅ Все таблицы SQLAlchemy созданы.
[2025-06-01 14:16:46] ✅ Таблица users создана вручную (fallback).
[2025-06-01 14:16:46] ✅ Все таблицы SQLAlchemy созданы.
[2025-06-01 14:24:40] ✅ Все таблицы SQLAlchemy созданы.
[2025-06-01 14:24:40] ✅ Таблица users создана вручную (fallback).
[2025-06-01 14:24:40] ✅ Все таблицы SQLAlchemy созданы.
[2025-06-01 17:50:01] ✅ Все таблицы SQLAlchemy созданы.
[2025-06-01 17:50:01] ✅ Таблица users создана вручную (fallback).
[2025-06-01 17:50:01] ✅ Все таблицы SQLAlchemy созданы.
[2025-06-01 17:55:01] ✅ Все таблицы SQLAlchemy созданы.
[2025-06-01 17:55:01] ✅ Таблица users создана вручную (fallback).
[2025-06-01 17:55:01] ✅ Все таблицы SQLAlchemy созданы.
[2025-06-01 17:55:50] ✅ Все таблицы SQLAlchemy созданы.
[2025-06-01 17:55:50] ✅ Таблица users создана вручную (fallback).
[2025-06-01 17:55:50] ✅ Все таблицы SQLAlchemy созданы.
[2025-06-01 17:56:40] ✅ Все таблицы SQLAlchemy созданы.
[2025-06-01 17:56:40] ✅ Таблица users создана вручную (fallback).
[2025-06-01 17:56:40] ✅ Все таблицы SQLAlchemy созданы.
[2025-06-01 18:01:24] ✅ Все таблицы SQLAlchemy созданы.
[2025-06-01 18:01:24] ✅ Таблица users создана вручную (fallback).
[2025-06-01 18:01:24] ✅ Все таблицы SQLAlchemy созданы.
[2025-06-01 18:04:33] ✅ Все таблицы SQLAlchemy созданы.
[2025-06-01 18:04:33] ✅ Таблица users создана вручную (fallback).
[2025-06-01 18:04:33] ✅ Все таблицы SQLAlchemy созданы.
[2025-06-01 18:34:12] ✅ Все таблицы SQLAlchemy созданы.
[2025-06-01 18:34:12] ✅ Таблица users создана вручную (fallback).
[2025-06-01 18:34:12] ✅ Все таблицы SQLAlchemy созданы.
[2025-06-01 19:08:50] ✅ Все таблицы SQLAlchemy созданы.
[2025-06-01 19:08:51] ✅ Таблица users создана вручную (fallback).
[2025-06-01 19:08:51] ✅ Все таблицы SQLAlchemy созданы.
[2025-06-01 19:35:16] ✅ Все таблицы SQLAlchemy созданы.
[2025-06-01 19:35:16] ✅ Таблица users создана вручную (fallback).
[2025-06-01 19:35:16] ✅ Все таблицы SQLAlchemy созданы.
[2025-06-01 20:38:13] ✅ Все таблицы SQLAlchemy созданы.
[2025-06-01 20:38:13] ✅ Таблица users создана вручную (fallback).
[2025-06-01 20:38:13] ✅ Все таблицы SQLAlchemy созданы.
[2025-06-01 23:54:52] ✅ Все таблицы SQLAlchemy созданы.
[2025-06-01 23:54:52] ✅ Таблица users создана вручную (fallback).
[2025-06-01 23:54:52] ✅ Все таблицы SQLAlchemy созданы.
[2025-06-02 00:03:09] ✅ Все таблицы SQLAlchemy созданы.
[2025-06-02 00:03:09] ✅ Таблица users создана вручную (fallback).
[2025-06-02 00:03:09] ✅ Все таблицы SQLAlchemy созданы.
[2025-06-02 00:17:08] ✅ Все таблицы SQLAlchemy созданы.
[2025-06-02 00:17:08] ✅ Таблица users создана вручную (fallback).
[2025-06-02 00:17:08] ✅ Все таблицы SQLAlchemy созданы.
[2025-06-02 00:36:36] ✅ Все таблицы SQLAlchemy созданы.
[2025-06-02 00:36:36] ✅ Таблица users создана вручную (fallback).
[2025-06-02 00:36:36] ✅ Все таблицы SQLAlchemy созданы.
[2025-06-02 01:05:34] ✅ Все таблицы SQLAlchemy созданы.
[2025-06-02 01:05:34] ✅ Таблица users создана вручную (fallback).
[2025-06-02 01:05:34] ✅ Все таблицы SQLAlchemy созданы.
[2025-06-02 01:06:11] ✅ Все таблицы SQLAlchemy созданы.
[2025-06-02 01:06:11] ✅ Таблица users создана вручную (fallback).
[2025-06-02 01:06:11] ✅ Все таблицы SQLAlchemy созданы.
[2025-06-02 01:14:42] ✅ Все таблицы SQLAlchemy созданы.
[2025-06-02 01:14:42] ✅ Таблица users создана вручную (fallback).
[2025-06-02 01:14:42] ✅ Все таблицы SQLAlchemy созданы.
[2025-06-02 01:43:28] ✅ Все таблицы SQLAlchemy созданы.
[2025-06-02 01:43:28] ✅ Таблица users создана вручную (fallback).
[2025-06-02 01:43:28] ✅ Все таблицы SQLAlchemy созданы.
[2025-06-02 01:47:45] ✅ Все таблицы SQLAlchemy созданы.
[2025-06-02 01:47:45] ✅ Таблица users создана вручную (fallback).
[2025-06-02 01:47:45] ✅ Все таблицы SQLAlchemy созданы.
[2025-06-02 02:10:35] ✅ Все таблицы SQLAlchemy созданы.
[2025-06-02 02:10:35] ✅ Таблица users создана вручную (fallback).
[2025-06-02 02:10:35] ✅ Все таблицы SQLAlchemy созданы.
[2025-06-02 03:44:43] ✅ Все таблицы SQLAlchemy созданы.
[2025-06-02 03:44:43] ✅ Таблица users создана вручную (fallback).
[2025-06-02 03:44:43] ✅ Все таблицы SQLAlchemy созданы.
[2025-06-02 03:48:24] ✅ Все таблицы SQLAlchemy созданы.
[2025-06-02 03:48:24] ✅ Таблица users создана вручную (fallback).
[2025-06-02 03:48:24] ✅ Все таблицы SQLAlchemy созданы.
[2025-06-02 03:59:53] ✅ Все таблицы SQLAlchemy созданы.
[2025-06-02 03:59:53] ✅ Таблица users создана вручную (fallback).
[2025-06-02 03:59:53] ✅ Все таблицы SQLAlchemy созданы.
[2025-06-02 04:06:27] ✅ Все таблицы SQLAlchemy созданы.
[2025-06-02 04:06:27] ✅ Таблица users создана вручную (fallback).
[2025-06-02 04:06:27] ✅ Все таблицы SQLAlchemy созданы.
[2025-06-02 04:08:51] ✅ Все таблицы SQLAlchemy созданы.
[2025-06-02 04:08:51] ✅ Таблица users создана вручную (fallback).
[2025-06-02 04:08:51] ✅ Все таблицы SQLAlchemy созданы.
[2025-06-02 04:09:19] ✅ Все таблицы SQLAlchemy созданы.
[2025-06-02 04:09:19] ✅ Таблица users создана вручную (fallback).
[2025-06-02 04:09:19] ✅ Все таблицы SQLAlchemy созданы.
[2025-06-02 04:15:54] ✅ Все таблицы SQLAlchemy созданы.
[2025-06-02 04:15:54] ✅ Таблица users создана вручную (fallback).
[2025-06-02 04:15:54] ✅ Все таблицы SQLAlchemy созданы.
[2025-06-02 04:16:58] ✅ Все таблицы SQLAlchemy созданы.
[2025-06-02 04:16:58] ✅ Таблица users создана вручную (fallback).
[2025-06-02 04:16:58] ✅ Все таблицы SQLAlchemy созданы.
[2025-06-02 04:56:15] ✅ Все таблицы SQLAlchemy созданы.
[2025-06-02 04:56:15] ✅ Таблица users создана вручную (fallback).
[2025-06-02 04:56:15] ✅ Все таблицы SQLAlchemy созданы.
[2025-06-02 05:32:54] ✅ Все таблицы SQLAlchemy созданы.
[2025-06-02 05:32:54] ✅ Таблица users создана вручную (fallback).
[2025-06-02 05:32:54] ✅ Все таблицы SQLAlchemy созданы.
[2025-06-02 05:52:13] ✅ Все таблицы SQLAlchemy созданы.
[2025-06-02 05:52:13] ✅ Таблица users создана вручную (fallback).
[2025-06-02 05:52:13] ✅ Все таблицы SQLAlchemy созданы.
[2025-06-02 05:56:22] ✅ Все таблицы SQLAlchemy созданы.
[2025-06-02 05:56:22] ✅ Таблица users создана вручную (fallback).
[2025-06-02 05:56:22] ✅ Все таблицы SQLAlchemy созданы.
[2025-06-02 05:56:47] ✅ Все таблицы SQLAlchemy созданы.
[2025-06-02 05:56:47] ✅ Таблица users создана вручную (fallback).
[2025-06-02 05:56:47] ✅ Все таблицы SQLAlchemy созданы.
[2025-06-02 05:59:36] ✅ Все таблицы SQLAlchemy созданы.
[2025-06-02 05:59:36] ✅ Таблица users создана вручную (fallback).
[2025-06-02 05:59:36] ✅ Все таблицы SQLAlchemy созданы.
[2025-06-02 06:24:54] ✅ Все таблицы SQLAlchemy созданы.
[2025-06-02 06:24:54] ✅ Таблица users создана вручную (fallback).
[2025-06-02 06:24:54] ✅ Все таблицы SQLAlchemy созданы.
[2025-06-02 15:25:49] ✅ Все таблицы SQLAlchemy созданы.
[2025-06-02 15:25:49] ✅ Таблица users создана вручную (fallback).
[2025-06-02 15:25:49] ✅ Все таблицы SQLAlchemy созданы.
[2025-06-02 15:31:32] ✅ Все таблицы SQLAlchemy созданы.
[2025-06-02 15:31:32] ✅ Таблица users создана вручную (fallback).
[2025-06-02 15:31:32] ✅ Все таблицы SQLAlchemy созданы.
[2025-06-02 15:41:17] ✅ Все таблицы SQLAlchemy созданы.
[2025-06-02 15:41:17] ✅ Таблица users создана вручную (fallback).
[2025-06-02 15:41:17] ✅ Все таблицы SQLAlchemy созданы.
[2025-06-02 15:43:34] ✅ Все таблицы SQLAlchemy созданы.
[2025-06-02 15:43:34] ✅ Таблица users создана вручную (fallback).
[2025-06-02 15:43:34] ✅ Все таблицы SQLAlchemy созданы.
[2025-06-02 15:43:56] ✅ Все таблицы SQLAlchemy созданы.
[2025-06-02 15:43:56] ✅ Таблица users создана вручную (fallback).
[2025-06-02 15:43:56] ✅ Все таблицы SQLAlchemy созданы.
[2025-06-02 15:44:41] ✅ Все таблицы SQLAlchemy созданы.
[2025-06-02 15:44:41] ✅ Таблица users создана вручную (fallback).
[2025-06-02 15:44:41] ✅ Все таблицы SQLAlchemy созданы.
[2025-06-02 15:47:00] ✅ Все таблицы SQLAlchemy созданы.
[2025-06-02 15:47:00] ✅ Таблица users создана вручную (fallback).
[2025-06-02 15:47:00] ✅ Все таблицы SQLAlchemy созданы.
[2025-06-02 17:09:28] ✅ Все таблицы SQLAlchemy созданы.
[2025-06-02 17:09:28] ✅ Таблица users создана вручную (fallback).
[2025-06-02 17:09:28] ✅ Все таблицы SQLAlchemy созданы.
[2025-06-02 17:38:04] ✅ Все таблицы SQLAlchemy созданы.
[2025-06-02 17:38:04] ✅ Таблица users создана вручную (fallback).
[2025-06-02 17:38:04] ✅ Все таблицы SQLAlchemy созданы.
[2025-06-02 17:39:50] ✅ Все таблицы SQLAlchemy созданы.
[2025-06-02 17:39:50] ✅ Таблица users создана вручную (fallback).
[2025-06-02 17:39:50] ✅ Все таблицы SQLAlchemy созданы.
[2025-06-02 17:43:02] ✅ Все таблицы SQLAlchemy созданы.
[2025-06-02 17:43:02] ✅ Таблица users создана вручную (fallback).
[2025-06-02 17:43:02] ✅ Все таблицы SQLAlchemy созданы.
[2025-06-02 17:45:00] ✅ Все таблицы SQLAlchemy созданы.
[2025-06-02 17:45:00] ✅ Таблица users создана вручную (fallback).
[2025-06-02 17:45:00] ✅ Все таблицы SQLAlchemy созданы.
[2025-06-02 17:46:04] ✅ Все таблицы SQLAlchemy созданы.
[2025-06-02 17:46:04] ✅ Таблица users создана вручную (fallback).
[2025-06-02 17:46:04] ✅ Все таблицы SQLAlchemy созданы.
[2025-06-02 17:50:21] ✅ Все таблицы SQLAlchemy созданы.
[2025-06-02 17:50:22] ✅ Таблица users создана вручную (fallback).
[2025-06-02 17:50:22] ✅ Все таблицы SQLAlchemy созданы.
[2025-06-02 18:04:07] ✅ Все таблицы SQLAlchemy созданы.
[2025-06-02 18:04:07] ✅ Таблица users создана вручную (fallback).
[2025-06-02 18:04:07] ✅ Все таблицы SQLAlchemy созданы.
[2025-06-02 18:09:59] ✅ Все таблицы SQLAlchemy созданы.
[2025-06-02 18:09:59] ✅ Таблица users создана вручную (fallback).
[2025-06-02 18:09:59] ✅ Все таблицы SQLAlchemy созданы.
[2025-06-02 18:11:55] ✅ Все таблицы SQLAlchemy созданы.
[2025-06-02 18:11:55] ✅ Таблица users создана вручную (fallback).
[2025-06-02 18:11:55] ✅ Все таблицы SQLAlchemy созданы.
[2025-06-02 18:18:11] ✅ Все таблицы SQLAlchemy созданы.
[2025-06-02 18:18:11] ✅ Таблица users создана вручную (fallback).
[2025-06-02 18:18:11] ✅ Все таблицы SQLAlchemy созданы.
[2025-06-02 19:13:15] ✅ Все таблицы SQLAlchemy созданы.
[2025-06-02 19:13:15] ✅ Таблица users создана вручную (fallback).
[2025-06-02 19:13:15] ✅ Все таблицы SQLAlchemy созданы.
[2025-06-02 19:52:20] ✅ Все таблицы SQLAlchemy созданы.
[2025-06-02 19:52:20] ✅ Таблица users создана вручную (fallback).
[2025-06-02 19:52:20] ✅ Все таблицы SQLAlchemy созданы.
[2025-06-02 20:11:17] ✅ Все таблицы SQLAlchemy созданы.
[2025-06-02 20:11:17] ✅ Таблица users создана вручную (fallback).
[2025-06-02 20:11:17] ✅ Все таблицы SQLAlchemy созданы.
[2025-06-02 21:26:14] ✅ Все таблицы SQLAlchemy созданы.
[2025-06-02 21:26:14] ✅ Таблица users создана вручную (fallback).
[2025-06-02 21:26:14] ✅ Все таблицы SQLAlchemy созданы.
[2025-06-02 21:28:57] ✅ Все таблицы SQLAlchemy созданы.
[2025-06-02 21:28:57] ✅ Таблица users создана вручную (fallback).
[2025-06-02 21:28:57] ✅ Все таблицы SQLAlchemy созданы.
[2025-06-02 22:02:47] ✅ Все таблицы SQLAlchemy созданы.
[2025-06-02 22:02:47] ✅ Таблица users создана вручную (fallback).
[2025-06-02 22:02:47] ✅ Все таблицы SQLAlchemy созданы.
[2025-06-02 22:07:13] ✅ Все таблицы SQLAlchemy созданы.
[2025-06-02 22:07:14] ✅ Таблица users создана вручную (fallback).
[2025-06-02 22:07:14] ✅ Все таблицы SQLAlchemy созданы.
[2025-06-02 22:12:16] ✅ Все таблицы SQLAlchemy созданы.
[2025-06-02 22:12:16] ✅ Таблица users создана вручную (fallback).
[2025-06-02 22:12:16] ✅ Все таблицы SQLAlchemy созданы.
[2025-06-02 22:17:22] ✅ Все таблицы SQLAlchemy созданы.
[2025-06-02 22:17:22] ✅ Таблица users создана вручную (fallback).
[2025-06-02 22:17:22] ✅ Все таблицы SQLAlchemy созданы.
[2025-06-02 22:17:59] ✅ Все таблицы SQLAlchemy созданы.
[2025-06-02 22:17:59] ✅ Таблица users создана вручную (fallback).
[2025-06-02 22:17:59] ✅ Все таблицы SQLAlchemy созданы.
[2025-06-02 22:20:50] ✅ Все таблицы SQLAlchemy созданы.
[2025-06-02 22:20:50] ✅ Таблица users создана вручную (fallback).
[2025-06-02 22:20:50] ✅ Все таблицы SQLAlchemy созданы.
[2025-06-02 22:25:08] ✅ Все таблицы SQLAlchemy созданы.
[2025-06-02 22:25:08] ✅ Таблица users создана вручную (fallback).
[2025-06-02 22:25:08] ✅ Все таблицы SQLAlchemy созданы.
[2025-06-02 22:32:57] ✅ Все таблицы SQLAlchemy созданы.
[2025-06-02 22:32:57] ✅ Таблица users создана вручную (fallback).
[2025-06-02 22:32:57] ✅ Все таблицы SQLAlchemy созданы.
[2025-06-02 22:34:11] ✅ Все таблицы SQLAlchemy созданы.
[2025-06-02 22:34:11] ✅ Таблица users создана вручную (fallback).
[2025-06-02 22:34:11] ✅ Все таблицы SQLAlchemy созданы.
[2025-06-03 00:04:36] ✅ Все таблицы SQLAlchemy созданы.
[2025-06-03 00:04:36] ✅ Таблица users создана вручную (fallback).
[2025-06-03 00:04:36] ✅ Все таблицы SQLAlchemy созданы.
[2025-06-03 00:09:19] ✅ Все таблицы SQLAlchemy созданы.
[2025-06-03 00:09:19] ✅ Таблица users создана вручную (fallback).
[2025-06-03 00:09:19] ✅ Все таблицы SQLAlchemy созданы.
[2025-06-03 00:12:58] ✅ Все таблицы SQLAlchemy созданы.
[2025-06-03 00:12:58] ✅ Таблица users создана вручную (fallback).
[2025-06-03 00:12:58] ✅ Все таблицы SQLAlchemy созданы.
[2025-06-03 00:42:27] ✅ Все таблицы SQLAlchemy созданы.
[2025-06-03 00:42:27] ✅ Таблица users создана вручную (fallback).
[2025-06-03 00:42:27] ✅ Все таблицы SQLAlchemy созданы.
[2025-06-03 00:48:28] ✅ Все таблицы SQLAlchemy созданы.
[2025-06-03 00:48:28] ✅ Таблица users создана вручную (fallback).
[2025-06-03 00:48:28] ✅ Все таблицы SQLAlchemy созданы.
[2025-06-03 00:49:16] ✅ Все таблицы SQLAlchemy созданы.
[2025-06-03 00:49:16] ✅ Таблица users создана вручную (fallback).
[2025-06-03 00:49:16] ✅ Все таблицы SQLAlchemy созданы.
[2025-06-03 00:55:42] ✅ Все таблицы SQLAlchemy созданы.
[2025-06-03 00:55:42] ✅ Таблица users создана вручную (fallback).
[2025-06-03 00:55:42] ✅ Все таблицы SQLAlchemy созданы.
[2025-06-03 05:40:54] ✅ Все таблицы SQLAlchemy созданы.
[2025-06-03 05:40:54] ✅ Таблица users создана вручную (fallback).
[2025-06-03 05:40:54] ✅ Все таблицы SQLAlchemy созданы.
[2025-06-03 05:57:16] ✅ Все таблицы SQLAlchemy созданы.
[2025-06-03 05:57:16] ✅ Таблица users создана вручную (fallback).
[2025-06-03 05:57:16] ✅ Все таблицы SQLAlchemy созданы.
[2025-06-04 06:08:13] ✅ Все таблицы SQLAlchemy созданы.
[2025-06-04 06:08:13] ✅ Таблица users создана вручную (fallback).
[2025-06-04 06:08:13] ✅ Все таблицы SQLAlchemy созданы.
[2025-06-04 06:20:06] ✅ Все таблицы SQLAlchemy созданы.
[2025-06-04 06:20:06] ✅ Таблица users создана вручную (fallback).
[2025-06-04 06:20:06] ✅ Все таблицы SQLAlchemy созданы.
[2025-06-04 06:27:58] ✅ Все таблицы SQLAlchemy созданы.
[2025-06-04 06:27:58] ✅ Таблица users создана вручную (fallback).
[2025-06-04 06:27:58] ✅ Все таблицы SQLAlchemy созданы.
[2025-06-04 06:33:07] ✅ Все таблицы SQLAlchemy созданы.
[2025-06-04 06:33:07] ✅ Таблица users создана вручную (fallback).
[2025-06-04 06:33:07] ✅ Все таблицы SQLAlchemy созданы.
[2025-06-05 00:51:01] ✅ Все таблицы SQLAlchemy созданы.
[2025-06-05 00:51:01] ✅ Таблица users создана вручную (fallback).
[2025-06-05 00:51:01] ✅ Все таблицы SQLAlchemy созданы.
[2025-06-05 01:11:55] ✅ Все таблицы SQLAlchemy созданы.
[2025-06-05 01:11:55] ✅ Таблица users создана вручную (fallback).
[2025-06-05 01:11:55] ✅ Все таблицы SQLAlchemy созданы.
[2025-06-05 01:18:06] ✅ Все таблицы SQLAlchemy созданы.
[2025-06-05 01:18:06] ✅ Таблица users создана вручную (fallback).
[2025-06-05 01:18:06] ✅ Все таблицы SQLAlchemy созданы.
[2025-06-05 01:24:24] ✅ Все таблицы SQLAlchemy созданы.
[2025-06-05 01:24:24] ✅ Таблица users создана вручную (fallback).
[2025-06-05 01:24:24] ✅ Все таблицы SQLAlchemy созданы.
[2025-06-05 01:26:50] ✅ Все таблицы SQLAlchemy созданы.
[2025-06-05 01:26:50] ✅ Таблица users создана вручную (fallback).
[2025-06-05 01:26:50] ✅ Все таблицы SQLAlchemy созданы.
[2025-06-05 01:36:20] ✅ Все таблицы SQLAlchemy созданы.
[2025-06-05 01:36:20] ✅ Таблица users создана вручную (fallback).
[2025-06-05 01:36:20] ✅ Все таблицы SQLAlchemy созданы.
[2025-06-05 01:46:58] ✅ Все таблицы SQLAlchemy созданы.
[2025-06-05 01:46:58] ✅ Таблица users создана вручную (fallback).
[2025-06-05 01:46:58] ✅ Все таблицы SQLAlchemy созданы.
[2025-06-05 02:36:35] ✅ Все таблицы SQLAlchemy созданы.
[2025-06-05 02:36:35] ✅ Таблица users создана вручную (fallback).
[2025-06-05 02:36:35] ✅ Все таблицы SQLAlchemy созданы.
[2025-06-05 02:40:01] ✅ Все таблицы SQLAlchemy созданы.
[2025-06-05 02:40:01] ✅ Таблица users создана вручную (fallback).
[2025-06-05 02:40:01] ✅ Все таблицы SQLAlchemy созданы.
[2025-06-05 02:40:49] ✅ Все таблицы SQLAlchemy созданы.
[2025-06-05 02:40:49] ✅ Таблица users создана вручную (fallback).
[2025-06-05 02:40:49] ✅ Все таблицы SQLAlchemy созданы.
[2025-06-05 02:43:09] ✅ Все таблицы SQLAlchemy созданы.
[2025-06-05 02:43:09] ✅ Таблица users создана вручную (fallback).
[2025-06-05 02:43:09] ✅ Все таблицы SQLAlchemy созданы.
[2025-06-05 03:05:13] ✅ Все таблицы SQLAlchemy созданы.
[2025-06-05 03:05:13] ✅ Таблица users создана вручную (fallback).
[2025-06-05 03:05:13] ✅ Все таблицы SQLAlchemy созданы.
[2025-06-05 03:23:46] ✅ Все таблицы SQLAlchemy созданы.
[2025-06-05 03:23:46] ✅ Таблица users создана вручную (fallback).
[2025-06-05 03:23:46] ✅ Все таблицы SQLAlchemy созданы.
[2025-06-05 03:36:44] ✅ Все таблицы SQLAlchemy созданы.
[2025-06-05 03:36:44] ✅ Таблица users создана вручную (fallback).
[2025-06-05 03:36:44] ✅ Все таблицы SQLAlchemy созданы.
[2025-06-05 03:44:46] ✅ Все таблицы SQLAlchemy созданы.
[2025-06-05 03:44:46] ✅ Таблица users создана вручную (fallback).
[2025-06-05 03:44:46] ✅ Все таблицы SQLAlchemy созданы.
[2025-06-05 03:50:54] ✅ Все таблицы SQLAlchemy созданы.
[2025-06-05 03:50:54] ✅ Таблица users создана вручную (fallback).
[2025-06-05 03:50:54] ✅ Все таблицы SQLAlchemy созданы.
[2025-06-05 03:53:05] ✅ Все таблицы SQLAlchemy созданы.
[2025-06-05 03:53:05] ✅ Таблица users создана вручную (fallback).
[2025-06-05 03:53:05] ✅ Все таблицы SQLAlchemy созданы.
[2025-06-05 03:55:54] ✅ Все таблицы SQLAlchemy созданы.
[2025-06-05 03:55:54] ✅ Таблица users создана вручную (fallback).
[2025-06-05 03:55:54] ✅ Все таблицы SQLAlchemy созданы.
[2025-06-05 04:07:09] ✅ Все таблицы SQLAlchemy созданы.
[2025-06-05 04:07:09] ✅ Таблица users создана вручную (fallback).
[2025-06-05 04:07:09] ✅ Все таблицы SQLAlchemy созданы.
[2025-06-05 04:08:22] ✅ Все таблицы SQLAlchemy созданы.
[2025-06-05 04:08:22] ✅ Таблица users создана вручную (fallback).
[2025-06-05 04:08:22] ✅ Все таблицы SQLAlchemy созданы.
[2025-06-05 04:15:24] ✅ Все таблицы SQLAlchemy созданы.
[2025-06-05 04:15:24] ✅ Таблица users создана вручную (fallback).
[2025-06-05 04:15:24] ✅ Все таблицы SQLAlchemy созданы.
[2025-06-05 06:22:21] ✅ Все таблицы SQLAlchemy созданы.
[2025-06-05 06:22:21] ✅ Таблица users создана вручную (fallback).
[2025-06-05 06:22:21] ✅ Все таблицы SQLAlchemy созданы.
[2025-06-05 18:41:48] ✅ Все таблицы SQLAlchemy созданы.
[2025-06-05 18:41:48] ✅ Таблица users создана вручную (fallback).
[2025-06-05 18:41:48] ✅ Все таблицы SQLAlchemy созданы.
[2025-06-05 19:32:16] ✅ Все таблицы SQLAlchemy созданы.
[2025-06-05 19:32:16] ✅ Таблица users создана вручную (fallback).
[2025-06-05 19:32:16] ✅ Все таблицы SQLAlchemy созданы.
[2025-06-05 19:36:24] ✅ Все таблицы SQLAlchemy созданы.
[2025-06-05 19:36:24] ✅ Таблица users создана вручную (fallback).
[2025-06-05 19:36:24] ✅ Все таблицы SQLAlchemy созданы.
[2025-06-09 01:35:11] ✅ Все таблицы SQLAlchemy созданы.
[2025-06-09 01:35:11] ✅ Таблица users создана вручную (fallback).
[2025-06-09 01:35:11] ✅ Все таблицы SQLAlchemy созданы.
[2025-06-09 06:31:06] ✅ Все таблицы SQLAlchemy созданы.
[2025-06-09 06:31:06] ✅ Таблица users создана вручную (fallback).
[2025-06-09 06:31:06] ✅ Все таблицы SQLAlchemy созданы.
